{"timestamp":"2025-07-01 09:43:17","level":"\u001b[32MINFO\u001b[39M","message":"MongoDB Connected: localhost","stack":null}
{"timestamp":"2025-07-01 09:59:28","level":"\u001b[32MINFO\u001b[39M","message":"MongoDB Connected: localhost","stack":null}
{"timestamp":"2025-07-01 10:10:31","level":"\u001b[32MINFO\u001b[39M","message":"MongoDB Connected: localhost","stack":null}
{"timestamp":"2025-07-01 15:08:15","level":"\u001b[32MINFO\u001b[39M","message":"MongoDB Connected: localhost","stack":null}
{"timestamp":"2025-07-01 16:21:14","level":"\u001b[32MINFO\u001b[39M","message":"MongoDB Connected: localhost","stack":null}
{"timestamp":"2025-07-01 16:28:46","level":"\u001b[32MINFO\u001b[39M","message":"MongoDB Connected: localhost","stack":null}
{"timestamp":"2025-07-01 16:41:21","level":"\u001b[32MINFO\u001b[39M","message":"MongoDB Connected: localhost","stack":null}
{"timestamp":"2025-07-01 16:41:52","level":"\u001b[32MINFO\u001b[39M","message":"MongoDB Connected: localhost","stack":null}
{"timestamp":"2025-07-01 17:10:41","level":"\u001b[32MINFO\u001b[39M","message":"MongoDB Connected: localhost","stack":null}
{"timestamp":"2025-07-01 17:27:27","level":"\u001b[32MINFO\u001b[39M","message":"MongoDB Connected: localhost","stack":null}
{"timestamp":"2025-07-01 18:21:40","level":"\u001b[31MERROR\u001b[39M","message":"JWT verification error: jwt expired","stack":null}
{"timestamp":"2025-07-01 18:24:23","level":"\u001b[33MWARN\u001b[39M","message":"Role access denied for user 68555b04ba9eb46cb24cf37e - required SALES,ADMIN,SUPERADMIN","stack":null}
{"timestamp":"2025-07-01 18:26:59","level":"\u001b[32MINFO\u001b[39M","message":"MongoDB Connected: localhost","stack":null}
{"timestamp":"2025-07-01 18:27:08","level":"\u001b[33MWARN\u001b[39M","message":"Role access denied for user 68555b04ba9eb46cb24cf37e - required SALES,ADMIN,SUPERADMIN,MANAGER ","stack":null}
{"timestamp":"2025-07-01 18:28:07","level":"\u001b[33MWARN\u001b[39M","message":"Role access denied for user 68555b04ba9eb46cb24cf37e - required SALES,ADMIN,SUPERADMIN","stack":null}
{"timestamp":"2025-07-01 18:28:19","level":"\u001b[33MWARN\u001b[39M","message":"Role access denied for user 68555b04ba9eb46cb24cf37e - required SALES,ADMIN,SUPERADMIN,MANAGER ","stack":null}
{"timestamp":"2025-07-01 18:28:33","level":"\u001b[33MWARN\u001b[39M","message":"Role access denied for user 68555b04ba9eb46cb24cf37e - required SUPERADMIN,ADMIN,BRANCH_MANAGER","stack":null}
{"timestamp":"2025-07-01 18:30:27","level":"\u001b[33MWARN\u001b[39M","message":"Role access denied for user 68555b04ba9eb46cb24cf37e - required SUPERADMIN,ADMIN,BRANCH_MANAGER","stack":null}
{"timestamp":"2025-07-01 18:31:40","level":"\u001b[32MINFO\u001b[39M","message":"MongoDB Connected: localhost","stack":null}
{"timestamp":"2025-07-01 18:31:47","level":"\u001b[33MWARN\u001b[39M","message":"Role access denied for user 68555b04ba9eb46cb24cf37e - required SALES,ADMIN,SUPERADMIN,MANAGER ","stack":null}
