{"timestamp":"2025-06-21 10:41:13","level":"\u001b[32MINFO\u001b[39M","message":"MongoDB Connected: localhost","stack":null}
{"timestamp":"2025-06-21 10:45:25","level":"\u001b[33MWARN\u001b[39M","message":"Role access denied for user 68555b04ba9eb46cb24cf37e - required SUPERADMIN","stack":null}
{"timestamp":"2025-06-21 10:46:52","level":"\u001b[33MWARN\u001b[39M","message":"Role access denied for user 68555b04ba9eb46cb24cf37e - required SUPERADMIN","stack":null}
{"timestamp":"2025-06-21 11:53:13","level":"\u001b[33MWARN\u001b[39M","message":"Role access denied for user 68564dcfa584a450570f20f9 - required SUPERADMIN,ADMIN,HR","stack":null}
{"timestamp":"2025-06-21 11:57:59","level":"\u001b[32MINFO\u001b[39M","message":"MongoDB Connected: localhost","stack":null}
{"timestamp":"2025-06-21 12:00:43","level":"\u001b[33MWARN\u001b[39M","message":"Role access denied for user 68564dcfa584a450570f20f9 - required SUPERADMIN,ADMIN,HR","stack":null}
{"timestamp":"2025-06-21 12:01:53","level":"\u001b[33MWARN\u001b[39M","message":"Role access denied for user 68564dcfa584a450570f20f9 - required SUPERADMIN,ADMIN,HR","stack":null}
{"timestamp":"2025-06-21 12:50:07","level":"\u001b[32MINFO\u001b[39M","message":"MongoDB Connected: localhost","stack":null}
{"timestamp":"2025-06-21 12:55:29","level":"\u001b[31MERROR\u001b[39M","message":"Error updating header: Plan executor error during findAndModify :: caused by :: Performing an update on the path '_id' would modify the immutable field '_id'","stack":null}
{"timestamp":"2025-06-21 14:01:40","level":"\u001b[32MINFO\u001b[39M","message":"MongoDB Connected: localhost","stack":null}
{"timestamp":"2025-06-21 14:18:41","level":"\u001b[31MERROR\u001b[39M","message":"Error updating header: Plan executor error during findAndModify :: caused by :: Performing an update on the path '_id' would modify the immutable field '_id'","stack":null}
{"timestamp":"2025-06-21 14:18:51","level":"\u001b[31MERROR\u001b[39M","message":"Error updating header: Plan executor error during findAndModify :: caused by :: E11000 duplicate key error collection: vehicle-Dealership.headers index: type_1_category_key_1_priority_1 dup key: { type: \"EV\", category_key: \"pricing\", priority: 1 }","stack":null}
{"timestamp":"2025-06-21 14:43:48","level":"\u001b[32MINFO\u001b[39M","message":"MongoDB Connected: localhost","stack":null}
{"timestamp":"2025-06-21 14:44:29","level":"\u001b[31MERROR\u001b[39M","message":"Error creating header: E11000 duplicate key error collection: vehicle-Dealership.headers index: type_1_category_key_1_header_key_1 dup key: { type: \"EV\", category_key: \"pricing\", header_key: null }","stack":null}
{"timestamp":"2025-06-21 14:46:44","level":"\u001b[32MINFO\u001b[39M","message":"MongoDB Connected: localhost","stack":null}
{"timestamp":"2025-06-21 14:47:32","level":"\u001b[31MERROR\u001b[39M","message":"Error creating header: E11000 duplicate key error collection: vehicle-Dealership.headers index: type_1_category_key_1_header_key_1 dup key: { type: \"EV\", category_key: \"pricing\", header_key: null }","stack":null}
{"timestamp":"2025-06-21 15:07:01","level":"\u001b[32MINFO\u001b[39M","message":"MongoDB Connected: localhost","stack":null}
{"timestamp":"2025-06-21 15:22:44","level":"\u001b[32MINFO\u001b[39M","message":"MongoDB Connected: localhost","stack":null}
{"timestamp":"2025-06-21 15:43:21","level":"\u001b[32MINFO\u001b[39M","message":"MongoDB Connected: localhost","stack":null}
{"timestamp":"2025-06-21 15:43:47","level":"\u001b[31MERROR\u001b[39M","message":"Error in exportCSVTemplate: mongoose is not defined","stack":"ReferenceError: mongoose is not defined\n    at exports.exportCSVTemplate (E:\\Exilance-Project\\Vehicle Dealerships\\Dealership\\Vehicle-Dealership\\controllers\\csvController.js:32:24)\n    at Layer.handleRequest (E:\\Exilance-Project\\Vehicle Dealerships\\Dealership\\Vehicle-Dealership\\node_modules\\router\\lib\\layer.js:152:17)\n    at next (E:\\Exilance-Project\\Vehicle Dealerships\\Dealership\\Vehicle-Dealership\\node_modules\\router\\lib\\route.js:157:13)\n    at E:\\Exilance-Project\\Vehicle Dealerships\\Dealership\\Vehicle-Dealership\\middlewares\\auth.js:134:5\n    at Layer.handleRequest (E:\\Exilance-Project\\Vehicle Dealerships\\Dealership\\Vehicle-Dealership\\node_modules\\router\\lib\\layer.js:152:17)\n    at next (E:\\Exilance-Project\\Vehicle Dealerships\\Dealership\\Vehicle-Dealership\\node_modules\\router\\lib\\route.js:157:13)\n    at exports.protect (E:\\Exilance-Project\\Vehicle Dealerships\\Dealership\\Vehicle-Dealership\\middlewares\\auth.js:65:7)\n    at process.processTicksAndRejections (node:internal/process/task_queues:95:5)"}
{"timestamp":"2025-06-21 15:44:18","level":"\u001b[31MERROR\u001b[39M","message":"Error in exportCSVTemplate: mongoose is not defined","stack":"ReferenceError: mongoose is not defined\n    at exports.exportCSVTemplate (E:\\Exilance-Project\\Vehicle Dealerships\\Dealership\\Vehicle-Dealership\\controllers\\csvController.js:32:24)\n    at Layer.handleRequest (E:\\Exilance-Project\\Vehicle Dealerships\\Dealership\\Vehicle-Dealership\\node_modules\\router\\lib\\layer.js:152:17)\n    at next (E:\\Exilance-Project\\Vehicle Dealerships\\Dealership\\Vehicle-Dealership\\node_modules\\router\\lib\\route.js:157:13)\n    at E:\\Exilance-Project\\Vehicle Dealerships\\Dealership\\Vehicle-Dealership\\middlewares\\auth.js:134:5\n    at Layer.handleRequest (E:\\Exilance-Project\\Vehicle Dealerships\\Dealership\\Vehicle-Dealership\\node_modules\\router\\lib\\layer.js:152:17)\n    at next (E:\\Exilance-Project\\Vehicle Dealerships\\Dealership\\Vehicle-Dealership\\node_modules\\router\\lib\\route.js:157:13)\n    at exports.protect (E:\\Exilance-Project\\Vehicle Dealerships\\Dealership\\Vehicle-Dealership\\middlewares\\auth.js:65:7)\n    at process.processTicksAndRejections (node:internal/process/task_queues:95:5)"}
{"timestamp":"2025-06-21 15:53:50","level":"\u001b[32MINFO\u001b[39M","message":"MongoDB Connected: localhost","stack":null}
{"timestamp":"2025-06-21 16:34:20","level":"\u001b[32MINFO\u001b[39M","message":"MongoDB Connected: localhost","stack":null}
{"timestamp":"2025-06-21 16:52:58","level":"\u001b[32MINFO\u001b[39M","message":"MongoDB Connected: localhost","stack":null}
{"timestamp":"2025-06-21 17:23:26","level":"\u001b[32MINFO\u001b[39M","message":"MongoDB Connected: localhost","stack":null}
{"timestamp":"2025-06-21 17:36:35","level":"\u001b[32MINFO\u001b[39M","message":"MongoDB Connected: localhost","stack":null}
{"timestamp":"2025-06-21 17:43:53","level":"\u001b[32MINFO\u001b[39M","message":"MongoDB Connected: localhost","stack":null}
{"timestamp":"2025-06-21 17:52:48","level":"\u001b[32MINFO\u001b[39M","message":"MongoDB Connected: localhost","stack":null}
