{"timestamp":"2025-07-21 09:50:14","level":"\u001b[32MINFO\u001b[39M","message":"MongoDB Connected: localhost","stack":null}
{"timestamp":"2025-07-21 10:13:52","level":"\u001b[32MINFO\u001b[39M","message":"MongoDB Connected: localhost","stack":null}
{"timestamp":"2025-07-21 10:19:26","level":"\u001b[32MINFO\u001b[39M","message":"MongoDB Connected: localhost","stack":null}
{"timestamp":"2025-07-21 10:26:45","level":"\u001b[32MINFO\u001b[39M","message":"MongoDB Connected: localhost","stack":null}
{"timestamp":"2025-07-21 10:29:38","level":"\u001b[32MINFO\u001b[39M","message":"MongoDB Connected: localhost","stack":null}
{"timestamp":"2025-07-21 10:31:30","level":"\u001b[32MINFO\u001b[39M","message":"MongoDB Connected: localhost","stack":null}
{"timestamp":"2025-07-21 10:37:58","level":"\u001b[32MINFO\u001b[39M","message":"MongoDB Connected: localhost","stack":null}
{"timestamp":"2025-07-21 10:39:19","level":"\u001b[32MINFO\u001b[39M","message":"MongoDB Connected: localhost","stack":null}
{"timestamp":"2025-07-21 10:41:27","level":"\u001b[32MINFO\u001b[39M","message":"MongoDB Connected: localhost","stack":null}
{"timestamp":"2025-07-21 10:46:41","level":"\u001b[32MINFO\u001b[39M","message":"MongoDB Connected: localhost","stack":null}
{"timestamp":"2025-07-21 10:47:40","level":"\u001b[32MINFO\u001b[39M","message":"MongoDB Connected: localhost","stack":null}
{"timestamp":"2025-07-21 10:51:08","level":"\u001b[32MINFO\u001b[39M","message":"MongoDB Connected: localhost","stack":null}
{"timestamp":"2025-07-21 10:58:20","level":"\u001b[32MINFO\u001b[39M","message":"MongoDB Connected: localhost","stack":null}
{"timestamp":"2025-07-21 11:02:34","level":"\u001b[32MINFO\u001b[39M","message":"MongoDB Connected: localhost","stack":null}
{"timestamp":"2025-07-21 11:16:11","level":"\u001b[32MINFO\u001b[39M","message":"MongoDB Connected: localhost","stack":null}
{"timestamp":"2025-07-21 11:17:56","level":"\u001b[32MINFO\u001b[39M","message":"MongoDB Connected: localhost","stack":null}
{"timestamp":"2025-07-21 11:26:54","level":"\u001b[32MINFO\u001b[39M","message":"MongoDB Connected: localhost","stack":null}
{"timestamp":"2025-07-21 11:35:03","level":"\u001b[32MINFO\u001b[39M","message":"MongoDB Connected: localhost","stack":null}
{"timestamp":"2025-07-21 11:38:40","level":"\u001b[32MINFO\u001b[39M","message":"MongoDB Connected: localhost","stack":null}
{"timestamp":"2025-07-21 11:46:52","level":"\u001b[32MINFO\u001b[39M","message":"MongoDB Connected: localhost","stack":null}
{"timestamp":"2025-07-21 11:50:23","level":"\u001b[32MINFO\u001b[39M","message":"MongoDB Connected: localhost","stack":null}
{"timestamp":"2025-07-21 11:56:08","level":"\u001b[32MINFO\u001b[39M","message":"MongoDB Connected: localhost","stack":null}
{"timestamp":"2025-07-21 14:02:35","level":"\u001b[32MINFO\u001b[39M","message":"MongoDB Connected: localhost","stack":null}
{"timestamp":"2025-07-21 14:42:23","level":"\u001b[32MINFO\u001b[39M","message":"MongoDB Connected: localhost","stack":null}
{"timestamp":"2025-07-21 14:55:41","level":"\u001b[32MINFO\u001b[39M","message":"MongoDB Connected: localhost","stack":null}
{"timestamp":"2025-07-21 15:02:47","level":"\u001b[32MINFO\u001b[39M","message":"MongoDB Connected: localhost","stack":null}
{"timestamp":"2025-07-21 15:04:15","level":"\u001b[32MINFO\u001b[39M","message":"MongoDB Connected: localhost","stack":null}
{"timestamp":"2025-07-21 15:35:34","level":"\u001b[32MINFO\u001b[39M","message":"MongoDB Connected: localhost","stack":null}
{"timestamp":"2025-07-21 15:43:37","level":"\u001b[32MINFO\u001b[39M","message":"MongoDB Connected: localhost","stack":null}
{"timestamp":"2025-07-21 15:54:10","level":"\u001b[32MINFO\u001b[39M","message":"MongoDB Connected: localhost","stack":null}
{"timestamp":"2025-07-21 15:58:50","level":"\u001b[32MINFO\u001b[39M","message":"MongoDB Connected: localhost","stack":null}
{"timestamp":"2025-07-21 16:01:39","level":"\u001b[31MERROR\u001b[39M","message":"Error creating stock transfer: StockTransfer validation failed: items.0.vehicle: Vehicle reference is required, items.1.vehicle: Vehicle reference is required, items.2.vehicle: Vehicle reference is required","stack":null}
{"timestamp":"2025-07-21 16:01:54","level":"\u001b[31MERROR\u001b[39M","message":"Error creating stock transfer: StockTransfer validation failed: items.0.vehicle: Vehicle reference is required, items.1.vehicle: Vehicle reference is required, items.2.vehicle: Vehicle reference is required","stack":null}
{"timestamp":"2025-07-21 16:02:40","level":"\u001b[31MERROR\u001b[39M","message":"Error creating stock transfer: One or both branches are inactive or do not exist","stack":null}
{"timestamp":"2025-07-21 16:03:49","level":"\u001b[31MERROR\u001b[39M","message":"Error creating stock transfer: One or more vehicles are not available at source branch or not in stock","stack":null}
{"timestamp":"2025-07-21 16:04:07","level":"\u001b[31MERROR\u001b[39M","message":"Error creating stock transfer: One or more vehicles are not available at source branch or not in stock","stack":null}
{"timestamp":"2025-07-21 16:04:55","level":"\u001b[31MERROR\u001b[39M","message":"Error creating stock transfer: One or more models do not exist","stack":null}
{"timestamp":"2025-07-21 16:12:27","level":"\u001b[32MINFO\u001b[39M","message":"MongoDB Connected: localhost","stack":null}
{"timestamp":"2025-07-21 16:21:52","level":"\u001b[31MERROR\u001b[39M","message":"Error creating stock transfer: One or both branches are inactive or do not exist","stack":null}
{"timestamp":"2025-07-21 16:28:33","level":"\u001b[32MINFO\u001b[39M","message":"MongoDB Connected: localhost","stack":null}
{"timestamp":"2025-07-21 16:30:52","level":"\u001b[31MERROR\u001b[39M","message":"Error creating stock transfer: One or more vehicles are not available at source branch or not in stock","stack":null}
{"timestamp":"2025-07-21 16:31:39","level":"\u001b[31MERROR\u001b[39M","message":"Error creating stock transfer: One or more vehicles are not available at source branch or not in stock","stack":null}
{"timestamp":"2025-07-21 16:44:11","level":"\u001b[31MERROR\u001b[39M","message":"Error creating stock transfer: One or more vehicles are not available at source branch or not in stock","stack":null}
{"timestamp":"2025-07-21 16:44:20","level":"\u001b[31MERROR\u001b[39M","message":"Error creating stock transfer: One or more vehicles are not available at source branch or not in stock","stack":null}
{"timestamp":"2025-07-21 16:45:02","level":"\u001b[31MERROR\u001b[39M","message":"Error creating stock transfer: One or more vehicles are not available at source branch or not in stock","stack":null}
{"timestamp":"2025-07-21 16:45:18","level":"\u001b[31MERROR\u001b[39M","message":"Error creating stock transfer: One or more vehicles are not available at source branch or not in stock","stack":null}
{"timestamp":"2025-07-21 17:01:01","level":"\u001b[32MINFO\u001b[39M","message":"MongoDB Connected: localhost","stack":null}
{"timestamp":"2025-07-21 17:06:37","level":"\u001b[31MERROR\u001b[39M","message":"Error creating vehicle: E11000 duplicate key error collection: vehicle-Dealership.vehicles index: chassisNumber_1 dup key: { chassisNumber: \"MH12ABCDE12345678\" }","stack":null}
{"timestamp":"2025-07-21 17:06:43","level":"\u001b[31MERROR\u001b[39M","message":"Error creating vehicle: E11000 duplicate key error collection: vehicle-Dealership.vehicles index: chassisNumber_1 dup key: { chassisNumber: \"MH12ABCDE12345678\" }","stack":null}
{"timestamp":"2025-07-21 17:07:03","level":"\u001b[31MERROR\u001b[39M","message":"Error creating vehicle: E11000 duplicate key error collection: vehicle-Dealership.vehicles index: chassisNumber_1 dup key: { chassisNumber: \"MH12ABCDE12345678\" }","stack":null}
{"timestamp":"2025-07-21 17:18:39","level":"\u001b[32MINFO\u001b[39M","message":"MongoDB Connected: localhost","stack":null}
{"timestamp":"2025-07-21 17:22:59","level":"\u001b[31MERROR\u001b[39M","message":"Error creating vehicle: E11000 duplicate key error collection: vehicle-Dealership.vehicles index: chassisNumber_1 dup key: { chassisNumber: \"MH12ABCDE12345678\" }","stack":null}
{"timestamp":"2025-07-21 17:23:07","level":"\u001b[31MERROR\u001b[39M","message":"Error creating vehicle: E11000 duplicate key error collection: vehicle-Dealership.vehicles index: chassisNumber_1 dup key: { chassisNumber: \"MH12ABCDE12345678\" }","stack":null}
{"timestamp":"2025-07-21 17:26:01","level":"\u001b[32MINFO\u001b[39M","message":"MongoDB Connected: localhost","stack":null}
{"timestamp":"2025-07-21 17:41:46","level":"\u001b[32MINFO\u001b[39M","message":"MongoDB Connected: localhost","stack":null}
{"timestamp":"2025-07-21 17:52:11","level":"\u001b[32MINFO\u001b[39M","message":"MongoDB Connected: localhost","stack":null}
{"timestamp":"2025-07-21 17:59:26","level":"\u001b[32MINFO\u001b[39M","message":"MongoDB Connected: localhost","stack":null}
{"timestamp":"2025-07-21 18:01:29","level":"\u001b[32MINFO\u001b[39M","message":"MongoDB Connected: localhost","stack":null}
{"timestamp":"2025-07-21 18:05:53","level":"\u001b[32MINFO\u001b[39M","message":"MongoDB Connected: localhost","stack":null}
{"timestamp":"2025-07-21 18:17:04","level":"\u001b[32MINFO\u001b[39M","message":"MongoDB Connected: localhost","stack":null}
{"timestamp":"2025-07-21 18:20:57","level":"\u001b[32MINFO\u001b[39M","message":"MongoDB Connected: localhost","stack":null}
