{"timestamp":"2025-07-24 09:44:20","level":"\u001b[32MINFO\u001b[39M","message":"MongoDB Connected: localhost","stack":null}
{"timestamp":"2025-07-24 10:18:09","level":"\u001b[32MINFO\u001b[39M","message":"MongoDB Connected: localhost","stack":null}
{"timestamp":"2025-07-24 10:46:40","level":"\u001b[32MINFO\u001b[39M","message":"MongoDB Connected: localhost","stack":null}
{"timestamp":"2025-07-24 10:47:29","level":"\u001b[31MERROR\u001b[39M","message":"Error adding receipt: Receipt validation failed: receiptNumber: Path `receiptNumber` is required.","stack":null}
{"timestamp":"2025-07-24 10:49:21","level":"\u001b[31MERROR\u001b[39M","message":"Error adding receipt: E11000 duplicate key error collection: vehicle-Dealership.ledgers index: transactionId_1 dup key: { transactionId: null }","stack":null}
{"timestamp":"2025-07-24 11:03:08","level":"\u001b[32MINFO\u001b[39M","message":"MongoDB Connected: localhost","stack":null}
{"timestamp":"2025-07-24 11:04:02","level":"\u001b[31MERROR\u001b[39M","message":"Error adding receipt: Transaction numbers are only allowed on a replica set member or mongos","stack":null}
{"timestamp":"2025-07-24 11:05:42","level":"\u001b[32MINFO\u001b[39M","message":"MongoDB Connected: localhost","stack":null}
{"timestamp":"2025-07-24 11:05:58","level":"\u001b[31MERROR\u001b[39M","message":"Error adding receipt: E11000 duplicate key error collection: vehicle-Dealership.ledgers index: transactionId_1 dup key: { transactionId: null }","stack":null}
{"timestamp":"2025-07-24 11:06:58","level":"\u001b[31MERROR\u001b[39M","message":"Error adding receipt: Receipt validation failed: receiptNumber: Path `receiptNumber` is required.","stack":null}
{"timestamp":"2025-07-24 11:07:29","level":"\u001b[31MERROR\u001b[39M","message":"Error adding receipt: Receipt validation failed: receiptNumber: Path `receiptNumber` is required.","stack":null}
{"timestamp":"2025-07-24 11:10:04","level":"\u001b[32MINFO\u001b[39M","message":"MongoDB Connected: localhost","stack":null}
{"timestamp":"2025-07-24 11:10:14","level":"\u001b[31MERROR\u001b[39M","message":"Error adding receipt: Receipt validation failed: receiptNumber: Path `receiptNumber` is required.","stack":null}
{"timestamp":"2025-07-24 11:13:53","level":"\u001b[31MERROR\u001b[39M","message":"Error adding receipt: Receipt validation failed: receiptNumber: Path `receiptNumber` is required.","stack":null}
{"timestamp":"2025-07-24 11:14:21","level":"\u001b[32MINFO\u001b[39M","message":"MongoDB Connected: localhost","stack":null}
{"timestamp":"2025-07-24 11:21:47","level":"\u001b[32MINFO\u001b[39M","message":"MongoDB Connected: localhost","stack":null}
{"timestamp":"2025-07-24 11:22:49","level":"\u001b[31MERROR\u001b[39M","message":"Error adding receipt: Transaction numbers are only allowed on a replica set member or mongos","stack":null}
{"timestamp":"2025-07-24 11:24:35","level":"\u001b[32MINFO\u001b[39M","message":"MongoDB Connected: localhost","stack":null}
{"timestamp":"2025-07-24 11:24:47","level":"\u001b[31MERROR\u001b[39M","message":"Error adding receipt: E11000 duplicate key error collection: vehicle-Dealership.receipts index: receiptNumber_1 dup key: { receiptNumber: null }","stack":null}
{"timestamp":"2025-07-24 11:28:16","level":"\u001b[32MINFO\u001b[39M","message":"MongoDB Connected: localhost","stack":null}
{"timestamp":"2025-07-24 11:28:25","level":"\u001b[31MERROR\u001b[39M","message":"Error adding receipt: E11000 duplicate key error collection: vehicle-Dealership.receipts index: receiptNumber_1 dup key: { receiptNumber: null }","stack":null}
{"timestamp":"2025-07-24 11:31:13","level":"\u001b[32MINFO\u001b[39M","message":"MongoDB Connected: localhost","stack":null}
{"timestamp":"2025-07-24 11:31:46","level":"\u001b[31MERROR\u001b[39M","message":"Error adding receipt: E11000 duplicate key error collection: vehicle-Dealership.receipts index: receiptNumber_1 dup key: { receiptNumber: null }","stack":null}
{"timestamp":"2025-07-24 11:44:30","level":"\u001b[32MINFO\u001b[39M","message":"MongoDB Connected: localhost","stack":null}
{"timestamp":"2025-07-24 11:45:27","level":"\u001b[31MERROR\u001b[39M","message":"Error adding receipt: E11000 duplicate key error collection: vehicle-Dealership.receipts index: receiptNumber_1 dup key: { receiptNumber: null }","stack":null}
{"timestamp":"2025-07-24 11:47:00","level":"\u001b[32MINFO\u001b[39M","message":"MongoDB Connected: localhost","stack":null}
{"timestamp":"2025-07-24 14:01:13","level":"\u001b[32MINFO\u001b[39M","message":"MongoDB Connected: localhost","stack":null}
{"timestamp":"2025-07-24 14:31:09","level":"\u001b[32MINFO\u001b[39M","message":"MongoDB Connected: localhost","stack":null}
{"timestamp":"2025-07-24 15:12:14","level":"\u001b[32MINFO\u001b[39M","message":"MongoDB Connected: localhost","stack":null}
{"timestamp":"2025-07-24 15:13:35","level":"\u001b[31MERROR\u001b[39M","message":"Error getting banks: Cannot populate path `createdByDetails` because it is not in your schema. Set the `strictPopulate` option to false to override.","stack":null}
{"timestamp":"2025-07-24 15:14:36","level":"\u001b[31MERROR\u001b[39M","message":"Error getting banks: Cannot populate path `createdByDetails` because it is not in your schema. Set the `strictPopulate` option to false to override.","stack":null}
{"timestamp":"2025-07-24 15:17:35","level":"\u001b[32MINFO\u001b[39M","message":"MongoDB Connected: localhost","stack":null}
{"timestamp":"2025-07-24 15:17:47","level":"\u001b[31MERROR\u001b[39M","message":"Error getting banks: Bank.find is not a function","stack":null}
{"timestamp":"2025-07-24 15:21:59","level":"\u001b[32MINFO\u001b[39M","message":"MongoDB Connected: localhost","stack":null}
{"timestamp":"2025-07-24 15:22:47","level":"\u001b[32MINFO\u001b[39M","message":"MongoDB Connected: localhost","stack":null}
{"timestamp":"2025-07-24 15:25:55","level":"\u001b[31MERROR\u001b[39M","message":"Error getting bank: Cast to ObjectId failed for value \"providers\" (type string) at path \"_id\" for model \"Bank\"","stack":null}
{"timestamp":"2025-07-24 15:25:57","level":"\u001b[31MERROR\u001b[39M","message":"Error getting bank: Cast to ObjectId failed for value \"providers\" (type string) at path \"_id\" for model \"Bank\"","stack":null}
{"timestamp":"2025-07-24 15:27:48","level":"\u001b[31MERROR\u001b[39M","message":"Error getting bank: Cast to ObjectId failed for value \"providers\" (type string) at path \"_id\" for model \"Bank\"","stack":null}
{"timestamp":"2025-07-24 15:28:21","level":"\u001b[31MERROR\u001b[39M","message":"Error getting bank: Cast to ObjectId failed for value \"providers\" (type string) at path \"_id\" for model \"Bank\"","stack":null}
{"timestamp":"2025-07-24 15:28:59","level":"\u001b[31MERROR\u001b[39M","message":"Error getting bank: Cast to ObjectId failed for value \"providers\" (type string) at path \"_id\" for model \"Bank\"","stack":null}
{"timestamp":"2025-07-24 15:29:03","level":"\u001b[31MERROR\u001b[39M","message":"Error getting bank: Cast to ObjectId failed for value \"providers\" (type string) at path \"_id\" for model \"Bank\"","stack":null}
{"timestamp":"2025-07-24 15:29:05","level":"\u001b[31MERROR\u001b[39M","message":"Error getting bank: Cast to ObjectId failed for value \"providers\" (type string) at path \"_id\" for model \"Bank\"","stack":null}
{"timestamp":"2025-07-24 15:29:38","level":"\u001b[31MERROR\u001b[39M","message":"Error getting bank: Cast to ObjectId failed for value \"providers\" (type string) at path \"_id\" for model \"Bank\"","stack":null}
{"timestamp":"2025-07-24 15:30:00","level":"\u001b[31MERROR\u001b[39M","message":"Error getting bank: Cast to ObjectId failed for value \"providers\" (type string) at path \"_id\" for model \"Bank\"","stack":null}
{"timestamp":"2025-07-24 15:30:04","level":"\u001b[31MERROR\u001b[39M","message":"Error getting bank: Cast to ObjectId failed for value \"providers\" (type string) at path \"_id\" for model \"Bank\"","stack":null}
{"timestamp":"2025-07-24 15:30:55","level":"\u001b[31MERROR\u001b[39M","message":"Error getting bank: Cast to ObjectId failed for value \"providers\" (type string) at path \"_id\" for model \"Bank\"","stack":null}
{"timestamp":"2025-07-24 15:32:37","level":"\u001b[32MINFO\u001b[39M","message":"MongoDB Connected: localhost","stack":null}
{"timestamp":"2025-07-24 15:34:23","level":"\u001b[32MINFO\u001b[39M","message":"MongoDB Connected: localhost","stack":null}
{"timestamp":"2025-07-24 16:36:00","level":"\u001b[32MINFO\u001b[39M","message":"MongoDB Connected: localhost","stack":null}
{"timestamp":"2025-07-24 16:44:52","level":"\u001b[31MERROR\u001b[39M","message":"Error getting cash locations: CashLocation is not defined","stack":null}
{"timestamp":"2025-07-24 16:50:43","level":"\u001b[31MERROR\u001b[39M","message":"Error getting cash locations: CashLocation is not defined","stack":null}
{"timestamp":"2025-07-24 16:50:44","level":"\u001b[31MERROR\u001b[39M","message":"Error getting cash locations: CashLocation is not defined","stack":null}
{"timestamp":"2025-07-24 16:50:44","level":"\u001b[31MERROR\u001b[39M","message":"Error getting cash locations: CashLocation is not defined","stack":null}
{"timestamp":"2025-07-24 16:52:16","level":"\u001b[31MERROR\u001b[39M","message":"Error getting cash locations: CashLocation is not defined","stack":null}
{"timestamp":"2025-07-24 16:52:17","level":"\u001b[31MERROR\u001b[39M","message":"Error getting cash locations: CashLocation is not defined","stack":null}
{"timestamp":"2025-07-24 16:52:18","level":"\u001b[31MERROR\u001b[39M","message":"Error getting cash locations: CashLocation is not defined","stack":null}
{"timestamp":"2025-07-24 16:52:19","level":"\u001b[31MERROR\u001b[39M","message":"Error getting cash locations: CashLocation is not defined","stack":null}
{"timestamp":"2025-07-24 16:52:20","level":"\u001b[31MERROR\u001b[39M","message":"Error getting cash locations: CashLocation is not defined","stack":null}
{"timestamp":"2025-07-24 16:52:21","level":"\u001b[31MERROR\u001b[39M","message":"Error getting cash locations: CashLocation is not defined","stack":null}
{"timestamp":"2025-07-24 16:53:15","level":"\u001b[31MERROR\u001b[39M","message":"Error getting cash locations: CashLocation is not defined","stack":null}
{"timestamp":"2025-07-24 16:58:00","level":"\u001b[32MINFO\u001b[39M","message":"MongoDB Connected: localhost","stack":null}
{"timestamp":"2025-07-24 17:01:53","level":"\u001b[32MINFO\u001b[39M","message":"MongoDB Connected: localhost","stack":null}
{"timestamp":"2025-07-24 17:03:28","level":"\u001b[31MERROR\u001b[39M","message":"Error adding receipt: Transaction numbers are only allowed on a replica set member or mongos","stack":null}
