{"timestamp":"2025-06-14 09:42:29","level":"\u001b[32MINFO\u001b[39M","message":"MongoDB Connected: localhost","stack":null}
{"timestamp":"2025-06-14 09:51:22","level":"\u001b[31MERROR\u001b[39M","message":"JWT verification error: jwt expired","stack":null}
{"timestamp":"2025-06-14 10:13:32","level":"\u001b[31MERROR\u001b[39M","message":"Error creating header: Header with type 'EV', category 'pricing', and header_key 'ex_showroom_price' already exists","stack":null}
{"timestamp":"2025-06-14 10:42:56","level":"\u001b[31MERROR\u001b[39M","message":"Error updating header: Validation failed: type: `IC` is not a valid enum value for path `type`.","stack":null}
{"timestamp":"2025-06-14 10:48:28","level":"\u001b[31MERROR\u001b[39M","message":"Error getting models: Cannot read properties of undefined (reading 'name')","stack":null}
{"timestamp":"2025-06-14 10:49:21","level":"\u001b[31MERROR\u001b[39M","message":"Error getting models: Cannot read properties of undefined (reading 'name')","stack":null}
{"timestamp":"2025-06-14 10:53:29","level":"\u001b[31MERROR\u001b[39M","message":"Error getting models: Cannot read properties of undefined (reading 'name')","stack":null}
{"timestamp":"2025-06-14 10:54:40","level":"\u001b[32MINFO\u001b[39M","message":"MongoDB Connected: localhost","stack":null}
{"timestamp":"2025-06-14 10:54:57","level":"\u001b[31MERROR\u001b[39M","message":"Error getting models: Cannot read properties of undefined (reading 'name')","stack":null}
{"timestamp":"2025-06-14 11:05:16","level":"\u001b[32MINFO\u001b[39M","message":"MongoDB Connected: localhost","stack":null}
{"timestamp":"2025-06-14 11:05:32","level":"\u001b[31MERROR\u001b[39M","message":"Error getting models: Cannot read properties of undefined (reading 'name')","stack":null}
{"timestamp":"2025-06-14 11:16:26","level":"\u001b[31MERROR\u001b[39M","message":"Error getting models: Cannot read properties of undefined (reading 'name')","stack":null}
{"timestamp":"2025-06-14 11:21:38","level":"\u001b[31MERROR\u001b[39M","message":"Error getting models: Cannot read properties of undefined (reading 'name')","stack":null}
{"timestamp":"2025-06-14 11:23:41","level":"\u001b[31MERROR\u001b[39M","message":"Error getting models: Cannot read properties of undefined (reading 'name')","stack":null}
{"timestamp":"2025-06-14 11:55:56","level":"\u001b[32MINFO\u001b[39M","message":"MongoDB Connected: localhost","stack":null}
{"timestamp":"2025-06-14 12:08:40","level":"\u001b[32MINFO\u001b[39M","message":"MongoDB Connected: localhost","stack":null}
{"timestamp":"2025-06-14 14:04:22","level":"\u001b[32MINFO\u001b[39M","message":"MongoDB Connected: localhost","stack":null}
{"timestamp":"2025-06-14 14:05:11","level":"\u001b[31MERROR\u001b[39M","message":"JWT verification error: jwt expired","stack":null}
{"timestamp":"2025-06-14 15:03:41","level":"\u001b[32MINFO\u001b[39M","message":"MongoDB Connected: localhost","stack":null}
{"timestamp":"2025-06-14 15:30:34","level":"\u001b[32MINFO\u001b[39M","message":"MongoDB Connected: localhost","stack":null}
{"timestamp":"2025-06-14 16:29:39","level":"\u001b[32MINFO\u001b[39M","message":"MongoDB Connected: localhost","stack":null}
{"timestamp":"2025-06-14 16:42:48","level":"\u001b[32MINFO\u001b[39M","message":"MongoDB Connected: localhost","stack":null}
{"timestamp":"2025-06-14 16:48:28","level":"\u001b[32MINFO\u001b[39M","message":"MongoDB Connected: localhost","stack":null}
{"timestamp":"2025-06-14 16:57:27","level":"\u001b[32MINFO\u001b[39M","message":"MongoDB Connected: localhost","stack":null}
{"timestamp":"2025-06-14 17:02:21","level":"\u001b[32MINFO\u001b[39M","message":"MongoDB Connected: localhost","stack":null}
{"timestamp":"2025-06-14 17:28:09","level":"\u001b[32MINFO\u001b[39M","message":"MongoDB Connected: localhost","stack":null}
{"timestamp":"2025-06-14 17:37:08","level":"\u001b[32MINFO\u001b[39M","message":"MongoDB Connected: localhost","stack":null}
{"timestamp":"2025-06-14 18:01:26","level":"\u001b[32MINFO\u001b[39M","message":"MongoDB Connected: localhost","stack":null}
