{"timestamp":"2025-08-17 08:51:44","level":"\u001b[32MINFO\u001b[39M","message":"MongoDB Connected: localhost","stack":null}
{"timestamp":"2025-08-17 08:59:21","level":"\u001b[32MINFO\u001b[39M","message":"MongoDB Connected: localhost","stack":null}
{"timestamp":"2025-08-17 09:12:11","level":"\u001b[32MINFO\u001b[39M","message":"MongoDB Connected: localhost","stack":null}
{"timestamp":"2025-08-17 09:16:22","level":"\u001b[32MINFO\u001b[39M","message":"MongoDB Connected: localhost","stack":null}
{"timestamp":"2025-08-17 09:25:10","level":"\u001b[32MINFO\u001b[39M","message":"MongoDB Connected: localhost","stack":null}
{"timestamp":"2025-08-17 09:28:12","level":"\u001b[32MINFO\u001b[39M","message":"MongoDB Connected: localhost","stack":null}
{"timestamp":"2025-08-17 09:34:12","level":"\u001b[32MINFO\u001b[39M","message":"MongoDB Connected: localhost","stack":null}
{"timestamp":"2025-08-17 09:35:11","level":"\u001b[32MINFO\u001b[39M","message":"MongoDB Connected: localhost","stack":null}
{"timestamp":"2025-08-17 09:50:24","level":"\u001b[32MINFO\u001b[39M","message":"MongoDB Connected: localhost","stack":null}
{"timestamp":"2025-08-17 09:54:34","level":"\u001b[32MINFO\u001b[39M","message":"MongoDB Connected: localhost","stack":null}
{"timestamp":"2025-08-17 09:57:13","level":"\u001b[32MINFO\u001b[39M","message":"MongoDB Connected: localhost","stack":null}
{"timestamp":"2025-08-17 11:00:41","level":"\u001b[32MINFO\u001b[39M","message":"MongoDB Connected: localhost","stack":null}
{"timestamp":"2025-08-17 11:03:13","level":"\u001b[32MINFO\u001b[39M","message":"MongoDB Connected: localhost","stack":null}
{"timestamp":"2025-08-17 11:09:41","level":"\u001b[32MINFO\u001b[39M","message":"MongoDB Connected: localhost","stack":null}
{"timestamp":"2025-08-17 11:12:06","level":"\u001b[32MINFO\u001b[39M","message":"MongoDB Connected: localhost","stack":null}
{"timestamp":"2025-08-17 11:18:16","level":"\u001b[32MINFO\u001b[39M","message":"MongoDB Connected: localhost","stack":null}
{"timestamp":"2025-08-17 11:25:29","level":"\u001b[32MINFO\u001b[39M","message":"MongoDB Connected: localhost","stack":null}
{"timestamp":"2025-08-17 12:08:20","level":"\u001b[32MINFO\u001b[39M","message":"MongoDB Connected: localhost","stack":null}
{"timestamp":"2025-08-17 12:21:34","level":"\u001b[32MINFO\u001b[39M","message":"MongoDB Connected: localhost","stack":null}
{"timestamp":"2025-08-17 12:32:25","level":"\u001b[32MINFO\u001b[39M","message":"MongoDB Connected: localhost","stack":null}
{"timestamp":"2025-08-17 13:47:02","level":"\u001b[32MINFO\u001b[39M","message":"MongoDB Connected: localhost","stack":null}
{"timestamp":"2025-08-17 13:59:09","level":"\u001b[32MINFO\u001b[39M","message":"MongoDB Connected: localhost","stack":null}
{"timestamp":"2025-08-17 14:07:12","level":"\u001b[32MINFO\u001b[39M","message":"MongoDB Connected: localhost","stack":null}
{"timestamp":"2025-08-17 14:10:46","level":"\u001b[32MINFO\u001b[39M","message":"MongoDB Connected: localhost","stack":null}
{"timestamp":"2025-08-17 14:19:47","level":"\u001b[32MINFO\u001b[39M","message":"MongoDB Connected: localhost","stack":null}
{"timestamp":"2025-08-17 14:21:27","level":"\u001b[31MERROR\u001b[39M","message":"Error creating subdealer: Subdealer validation failed: discount: Cast to Number failed for value \"10%\" (type string) at path \"discount\"","stack":null}
{"timestamp":"2025-08-17 14:34:08","level":"\u001b[32MINFO\u001b[39M","message":"MongoDB Connected: localhost","stack":null}
{"timestamp":"2025-08-17 14:45:12","level":"\u001b[32MINFO\u001b[39M","message":"MongoDB Connected: localhost","stack":null}
{"timestamp":"2025-08-17 14:46:05","level":"\u001b[31MERROR\u001b[39M","message":"Error creating model: SubDealer validation failed: created_by: Path `created_by` is required., prices.0.header_id: Invalid header_id - Header not found, prices.0.branch_id: Invalid branch_id - Branch not found","stack":null}
{"timestamp":"2025-08-17 14:46:30","level":"\u001b[31MERROR\u001b[39M","message":"Error creating model: SubDealer validation failed: created_by: Path `created_by` is required., prices: At least one price is required","stack":null}
{"timestamp":"2025-08-17 15:30:14","level":"\u001b[32MINFO\u001b[39M","message":"MongoDB Connected: localhost","stack":null}
{"timestamp":"2025-08-17 15:41:54","level":"\u001b[31MERROR\u001b[39M","message":"Error creating model: Model validation failed: created_by: Path `created_by` is required., prices: At least one price is required","stack":null}
{"timestamp":"2025-08-17 15:50:38","level":"\u001b[32MINFO\u001b[39M","message":"MongoDB Connected: localhost","stack":null}
{"timestamp":"2025-08-17 16:01:19","level":"\u001b[31MERROR\u001b[39M","message":"Error creating model: Model validation failed: prices: At least one price is required","stack":null}
{"timestamp":"2025-08-17 16:04:47","level":"\u001b[32MINFO\u001b[39M","message":"MongoDB Connected: localhost","stack":null}
{"timestamp":"2025-08-17 16:13:50","level":"\u001b[32MINFO\u001b[39M","message":"MongoDB Connected: localhost","stack":null}
{"timestamp":"2025-08-17 16:21:01","level":"\u001b[32MINFO\u001b[39M","message":"MongoDB Connected: localhost","stack":null}
{"timestamp":"2025-08-17 16:26:21","level":"\u001b[32MINFO\u001b[39M","message":"MongoDB Connected: localhost","stack":null}
{"timestamp":"2025-08-17 16:47:58","level":"\u001b[31MERROR\u001b[39M","message":"Error processing model XL 100 HD KICKSTART OBD IIB: Model validation failed: created_by: Path `created_by` is required., colors.0: Invalid color_id - Color not found, colors.1: Invalid color_id - Color not found, colors.2: Invalid color_id - Color not found, prices.0.header_id: Invalid header_id - Header not found","stack":null}
{"timestamp":"2025-08-17 16:47:59","level":"\u001b[31MERROR\u001b[39M","message":"Error processing model XL 100 I TOUCH OBD IIB: Model validation failed: created_by: Path `created_by` is required., prices.0.header_id: Invalid header_id - Header not found","stack":null}
{"timestamp":"2025-08-17 16:47:59","level":"\u001b[31MERROR\u001b[39M","message":"Error processing model XL 100 I TOUCH WINNER EDT OBD IIB: Model validation failed: created_by: Path `created_by` is required., prices.0.header_id: Invalid header_id - Header not found","stack":null}
{"timestamp":"2025-08-17 16:47:59","level":"\u001b[31MERROR\u001b[39M","message":"Error processing model SCOOTY ZEST PEARL OBD IIB: Model validation failed: created_by: Path `created_by` is required., prices.0.header_id: Invalid header_id - Header not found","stack":null}
{"timestamp":"2025-08-17 16:47:59","level":"\u001b[31MERROR\u001b[39M","message":"Error processing model SCOOTY ZEST MATTE SERIES OBD IIB: Model validation failed: created_by: Path `created_by` is required., prices.0.header_id: Invalid header_id - Header not found","stack":null}
{"timestamp":"2025-08-17 16:47:59","level":"\u001b[31MERROR\u001b[39M","message":"Error processing model JUPITER 110 SMW OBD IIB: Model validation failed: created_by: Path `created_by` is required., prices.0.header_id: Invalid header_id - Header not found","stack":null}
{"timestamp":"2025-08-17 16:47:59","level":"\u001b[31MERROR\u001b[39M","message":"Error processing model JUPITER DRUM SMW OBD IIB: Model validation failed: created_by: Path `created_by` is required., prices.0.header_id: Invalid header_id - Header not found","stack":null}
{"timestamp":"2025-08-17 16:47:59","level":"\u001b[31MERROR\u001b[39M","message":"Error processing model JUPITER DRUM ALLOY OBD IIB: Model validation failed: created_by: Path `created_by` is required., prices.0.header_id: Invalid header_id - Header not found","stack":null}
{"timestamp":"2025-08-17 16:47:59","level":"\u001b[31MERROR\u001b[39M","message":"Error processing model JUPITER DISC SXC OBD IIB: Model validation failed: created_by: Path `created_by` is required., prices.0.header_id: Invalid header_id - Header not found","stack":null}
{"timestamp":"2025-08-17 16:47:59","level":"\u001b[31MERROR\u001b[39M","message":"Error processing model JUPITER DRUM SXC OBD IIB: Model validation failed: created_by: Path `created_by` is required., prices.0.header_id: Invalid header_id - Header not found","stack":null}
{"timestamp":"2025-08-17 16:47:59","level":"\u001b[31MERROR\u001b[39M","message":"Error processing model JUPITER 125 DISC  DT SXC OBD IIB: Model validation failed: created_by: Path `created_by` is required., prices.0.header_id: Invalid header_id - Header not found","stack":null}
{"timestamp":"2025-08-17 16:47:59","level":"\u001b[31MERROR\u001b[39M","message":"Error processing model JUPITER 125 CC DISC SX OBD IIB: Model validation failed: created_by: Path `created_by` is required., prices.0.header_id: Invalid header_id - Header not found","stack":null}
{"timestamp":"2025-08-17 16:47:59","level":"\u001b[31MERROR\u001b[39M","message":"Error processing model JUPITER 125 DISC OBD IIB: Model validation failed: created_by: Path `created_by` is required., prices.0.header_id: Invalid header_id - Header not found","stack":null}
{"timestamp":"2025-08-17 16:47:59","level":"\u001b[31MERROR\u001b[39M","message":"Error processing model JUPITER 125 DRUM OBD IIB: Model validation failed: created_by: Path `created_by` is required., prices.0.header_id: Invalid header_id - Header not found","stack":null}
{"timestamp":"2025-08-17 16:47:59","level":"\u001b[31MERROR\u001b[39M","message":"Error processing model NTORQ 125 DISC OBD IIB: Model validation failed: created_by: Path `created_by` is required., prices.0.header_id: Invalid header_id - Header not found","stack":null}
{"timestamp":"2025-08-17 16:47:59","level":"\u001b[31MERROR\u001b[39M","message":"Error processing model NTORQ XT OBD IIB: Model validation failed: created_by: Path `created_by` is required., prices.0.header_id: Invalid header_id - Header not found","stack":null}
{"timestamp":"2025-08-17 16:48:00","level":"\u001b[31MERROR\u001b[39M","message":"Error processing model NTORQ 125 ES DISC RACE EDITION OBD IIB: Model validation failed: created_by: Path `created_by` is required., prices.0.header_id: Invalid header_id - Header not found","stack":null}
{"timestamp":"2025-08-17 16:48:00","level":"\u001b[31MERROR\u001b[39M","message":"Error processing model NTORQ 125 DISC SUPER SQUAD EDT OBD IIB: Model validation failed: created_by: Path `created_by` is required., prices.0.header_id: Invalid header_id - Header not found","stack":null}
{"timestamp":"2025-08-17 16:48:00","level":"\u001b[31MERROR\u001b[39M","message":"Error processing model NTORQ 125 RACE XP OBD IIB: Model validation failed: created_by: Path `created_by` is required., prices.0.header_id: Invalid header_id - Header not found","stack":null}
{"timestamp":"2025-08-17 16:48:00","level":"\u001b[31MERROR\u001b[39M","message":"Error processing model SPORT ES+ OBD IIB: Model validation failed: created_by: Path `created_by` is required., model_name: Model name can only contain letters, numbers, spaces and hyphens, prices.0.header_id: Invalid header_id - Header not found","stack":null}
{"timestamp":"2025-08-17 16:48:00","level":"\u001b[31MERROR\u001b[39M","message":"Error processing model SPORT ES OBD IIB: Model validation failed: created_by: Path `created_by` is required., prices.0.header_id: Invalid header_id - Header not found","stack":null}
{"timestamp":"2025-08-17 16:48:00","level":"\u001b[31MERROR\u001b[39M","message":"Error processing model RADEON BSVI Drum – Black Edn OBD IIB: Model validation failed: created_by: Path `created_by` is required., model_name: Model name can only contain letters, numbers, spaces and hyphens, prices.0.header_id: Invalid header_id - Header not found","stack":null}
{"timestamp":"2025-08-17 16:48:00","level":"\u001b[31MERROR\u001b[39M","message":"Error processing model RADEON 110 DRUM ES OBD IIB: Model validation failed: created_by: Path `created_by` is required., prices.0.header_id: Invalid header_id - Header not found","stack":null}
{"timestamp":"2025-08-17 16:48:00","level":"\u001b[31MERROR\u001b[39M","message":"Error processing model RADEON 110 DRUM ES DIGI OBD IIB: Model validation failed: created_by: Path `created_by` is required., prices.0.header_id: Invalid header_id - Header not found","stack":null}
{"timestamp":"2025-08-17 16:48:00","level":"\u001b[31MERROR\u001b[39M","message":"Error processing model RADEON 110 DISC ES DIGI OBD IIB: Model validation failed: created_by: Path `created_by` is required., prices.0.header_id: Invalid header_id - Header not found","stack":null}
{"timestamp":"2025-08-17 16:48:00","level":"\u001b[31MERROR\u001b[39M","message":"Error processing model STAR CITY + MONO TONE OBD IIB: Model validation failed: created_by: Path `created_by` is required., model_name: Model name can only contain letters, numbers, spaces and hyphens, prices.0.header_id: Invalid header_id - Header not found","stack":null}
{"timestamp":"2025-08-17 16:48:00","level":"\u001b[31MERROR\u001b[39M","message":"Error processing model STAR CITY + DUAL TONE ES OBD IIB: Model validation failed: created_by: Path `created_by` is required., model_name: Model name can only contain letters, numbers, spaces and hyphens, prices.0.header_id: Invalid header_id - Header not found","stack":null}
{"timestamp":"2025-08-17 16:48:00","level":"\u001b[31MERROR\u001b[39M","message":"Error processing model STAR CITY+ DT ES DISC OBD IIB: Model validation failed: created_by: Path `created_by` is required., model_name: Model name can only contain letters, numbers, spaces and hyphens, prices.0.header_id: Invalid header_id - Header not found","stack":null}
{"timestamp":"2025-08-17 16:48:00","level":"\u001b[31MERROR\u001b[39M","message":"Error processing model RAIDER DRUM OBD IIB: Model validation failed: created_by: Path `created_by` is required., prices.0.header_id: Invalid header_id - Header not found","stack":null}
{"timestamp":"2025-08-17 16:48:00","level":"\u001b[31MERROR\u001b[39M","message":"Error processing model RAIDER DISC SS OBD IIB: Model validation failed: created_by: Path `created_by` is required., prices.0.header_id: Invalid header_id - Header not found","stack":null}
{"timestamp":"2025-08-17 16:48:00","level":"\u001b[31MERROR\u001b[39M","message":"Error processing model RAIDER DISC OBD IIB: Model validation failed: created_by: Path `created_by` is required., prices.0.header_id: Invalid header_id - Header not found","stack":null}
{"timestamp":"2025-08-17 16:48:00","level":"\u001b[31MERROR\u001b[39M","message":"Error processing model RAIDER DISC BLUETOOTH OBD IIB: Model validation failed: created_by: Path `created_by` is required., prices.0.header_id: Invalid header_id - Header not found","stack":null}
{"timestamp":"2025-08-17 16:48:01","level":"\u001b[31MERROR\u001b[39M","message":"Error processing model RAIDER SUPER SQUAD EDT OBD IIB: Model validation failed: created_by: Path `created_by` is required., prices.0.header_id: Invalid header_id - Header not found","stack":null}
{"timestamp":"2025-08-17 16:48:01","level":"\u001b[31MERROR\u001b[39M","message":"Error processing model RAIDER DISC - LCD Igo OBD IIB: Model validation failed: created_by: Path `created_by` is required., prices.0.header_id: Invalid header_id - Header not found","stack":null}
{"timestamp":"2025-08-17 16:48:01","level":"\u001b[31MERROR\u001b[39M","message":"Error processing model APACHE RTR 160 RD 2V OBD IIB: Model validation failed: created_by: Path `created_by` is required., prices.0.header_id: Invalid header_id - Header not found","stack":null}
{"timestamp":"2025-08-17 16:48:01","level":"\u001b[31MERROR\u001b[39M","message":"Error processing model APACHE RTR 160 2V RM DISC OBD IIB: Model validation failed: created_by: Path `created_by` is required., prices.0.header_id: Invalid header_id - Header not found","stack":null}
{"timestamp":"2025-08-17 16:48:01","level":"\u001b[31MERROR\u001b[39M","message":"Error processing model APACHE RTR 160 2V RM BT DISC OBD IIB: Model validation failed: created_by: Path `created_by` is required., prices.0.header_id: Invalid header_id - Header not found","stack":null}
{"timestamp":"2025-08-17 16:48:01","level":"\u001b[31MERROR\u001b[39M","message":"Error processing model APACHE RTR 160 2V RM DRUM B E OBD IIB: Model validation failed: created_by: Path `created_by` is required., prices.0.header_id: Invalid header_id - Header not found","stack":null}
{"timestamp":"2025-08-17 16:48:01","level":"\u001b[31MERROR\u001b[39M","message":"Error processing model APACHE RTR 160 2V RM BT RACE EDT OBD IIB: Model validation failed: created_by: Path `created_by` is required., prices.0.header_id: Invalid header_id - Header not found","stack":null}
{"timestamp":"2025-08-17 16:48:01","level":"\u001b[31MERROR\u001b[39M","message":"Error processing model APACHE RTR 160 4V RM DRUM B E OBD IIB: Model validation failed: created_by: Path `created_by` is required., prices.0.header_id: Invalid header_id - Header not found","stack":null}
{"timestamp":"2025-08-17 16:48:01","level":"\u001b[31MERROR\u001b[39M","message":"Error processing model APACHE 160 4V LE RMBT 2CH OBD IIB: Model validation failed: created_by: Path `created_by` is required., prices.0.header_id: Invalid header_id - Header not found","stack":null}
{"timestamp":"2025-08-17 16:48:01","level":"\u001b[31MERROR\u001b[39M","message":"Error processing model APACHE RTR 160 4V - RM DISC OBD IIB: Model validation failed: created_by: Path `created_by` is required., prices.0.header_id: Invalid header_id - Header not found","stack":null}
{"timestamp":"2025-08-17 16:48:01","level":"\u001b[31MERROR\u001b[39M","message":"Error processing model APACHE RTR 160 4V DISC RM BT OBD IIB: Model validation failed: created_by: Path `created_by` is required., prices.0.header_id: Invalid header_id - Header not found","stack":null}
{"timestamp":"2025-08-17 16:48:01","level":"\u001b[31MERROR\u001b[39M","message":"Error processing model APACHE RTR 160 4V - RM SPL ED OBD IIB: Model validation failed: created_by: Path `created_by` is required., prices.0.header_id: Invalid header_id - Header not found","stack":null}
{"timestamp":"2025-08-17 16:48:01","level":"\u001b[31MERROR\u001b[39M","message":"Error processing model APACHE RTR 160 4V USD – 2CH OBDIIB: Model validation failed: created_by: Path `created_by` is required., model_name: Model name can only contain letters, numbers, spaces and hyphens, prices.0.header_id: Invalid header_id - Header not found","stack":null}
{"timestamp":"2025-08-17 16:48:01","level":"\u001b[31MERROR\u001b[39M","message":"Error processing model APACHE 200 4V 2CH-R Mode OBD IIB: Model validation failed: created_by: Path `created_by` is required., prices.0.header_id: Invalid header_id - Header not found","stack":null}
{"timestamp":"2025-08-17 16:48:01","level":"\u001b[31MERROR\u001b[39M","message":"Error processing model RONIN 2CH MID LTD EDT OBD IIB: Model validation failed: created_by: Path `created_by` is required., prices.0.header_id: Invalid header_id - Header not found","stack":null}
{"timestamp":"2025-08-17 16:48:01","level":"\u001b[31MERROR\u001b[39M","message":"Error processing model RONIN-SS U368 1CH BASE OBD IIB: Model validation failed: created_by: Path `created_by` is required., prices.0.header_id: Invalid header_id - Header not found","stack":null}
{"timestamp":"2025-08-17 16:48:01","level":"\u001b[31MERROR\u001b[39M","message":"Error processing model RONIN - SS OBDIIA LIGHTNING BLACK OBD IIB: Model validation failed: created_by: Path `created_by` is required., prices.0.header_id: Invalid header_id - Header not found","stack":null}
{"timestamp":"2025-08-17 16:48:01","level":"\u001b[31MERROR\u001b[39M","message":"Error processing model RONIN - SS OBDIIA FL RED OBD IIB: Model validation failed: created_by: Path `created_by` is required., prices.0.header_id: Invalid header_id - Header not found","stack":null}
{"timestamp":"2025-08-17 16:48:01","level":"\u001b[31MERROR\u001b[39M","message":"Error processing model RONIN-DS -U368 1CH BASE+ OBD IIB: Model validation failed: created_by: Path `created_by` is required., model_name: Model name can only contain letters, numbers, spaces and hyphens, prices.0.header_id: Invalid header_id - Header not found","stack":null}
{"timestamp":"2025-08-17 16:48:01","level":"\u001b[31MERROR\u001b[39M","message":"Error processing model RONIN-2CH MID SPL OBD IIB: Model validation failed: created_by: Path `created_by` is required., prices.0.header_id: Invalid header_id - Header not found","stack":null}
{"timestamp":"2025-08-17 16:48:01","level":"\u001b[31MERROR\u001b[39M","message":"Error processing model RONIN MID 2CH – GLACIER SILVER OBD IIB: Model validation failed: created_by: Path `created_by` is required., model_name: Model name can only contain letters, numbers, spaces and hyphens, prices.0.header_id: Invalid header_id - Header not found","stack":null}
{"timestamp":"2025-08-17 16:48:01","level":"\u001b[31MERROR\u001b[39M","message":"Error processing model RONIN MID 2CH – CHARCOAL EMBER OBD IIB: Model validation failed: created_by: Path `created_by` is required., model_name: Model name can only contain letters, numbers, spaces and hyphens, prices.0.header_id: Invalid header_id - Header not found","stack":null}
{"timestamp":"2025-08-17 16:48:02","level":"\u001b[31MERROR\u001b[39M","message":"Error processing model APACHE RTR RR 310 OBD IIB: Model validation failed: created_by: Path `created_by` is required., prices.0.header_id: Invalid header_id - Header not found","stack":null}
{"timestamp":"2025-08-17 16:48:02","level":"\u001b[31MERROR\u001b[39M","message":"Error processing model APACHE RR310-OBDIIB-M24–BASE W/O QS-RAR: Model validation failed: created_by: Path `created_by` is required., model_name: Model name can only contain letters, numbers, spaces and hyphens, prices.0.header_id: Invalid header_id - Header not found","stack":null}
{"timestamp":"2025-08-17 16:48:02","level":"\u001b[31MERROR\u001b[39M","message":"Error processing model APACHE RR310-OBDIIB-M24–BASE-SMG: Model validation failed: created_by: Path `created_by` is required., model_name: Model name can only contain letters, numbers, spaces and hyphens, prices.0.header_id: Invalid header_id - Header not found","stack":null}
{"timestamp":"2025-08-17 16:48:02","level":"\u001b[31MERROR\u001b[39M","message":"Error processing model APACHE RR310-OBDIIB-M24–BASE-RAR: Model validation failed: created_by: Path `created_by` is required., model_name: Model name can only contain letters, numbers, spaces and hyphens, prices.0.header_id: Invalid header_id - Header not found","stack":null}
{"timestamp":"2025-08-17 16:48:02","level":"\u001b[31MERROR\u001b[39M","message":"Error processing model APACHE RR310-OBDIIB-M24–DYN PRO-RCR TR: Model validation failed: created_by: Path `created_by` is required., model_name: Model name can only contain letters, numbers, spaces and hyphens, prices.0.header_id: Invalid header_id - Header not found","stack":null}
{"timestamp":"2025-08-17 16:48:02","level":"\u001b[31MERROR\u001b[39M","message":"Error processing model APACHE RTR 310 – BASE YEL OBD IIB: Model validation failed: created_by: Path `created_by` is required., model_name: Model name can only contain letters, numbers, spaces and hyphens, prices.0.header_id: Invalid header_id - Header not found","stack":null}
{"timestamp":"2025-08-17 16:48:02","level":"\u001b[31MERROR\u001b[39M","message":"Error processing model APACHE RTR 310 – BASE BLK OBD IID: Model validation failed: created_by: Path `created_by` is required., model_name: Model name can only contain letters, numbers, spaces and hyphens, prices.0.header_id: Invalid header_id - Header not found","stack":null}
{"timestamp":"2025-08-17 16:56:21","level":"\u001b[32MINFO\u001b[39M","message":"MongoDB Connected: localhost","stack":null}
{"timestamp":"2025-08-17 16:56:45","level":"\u001b[31MERROR\u001b[39M","message":"Error processing model XL 100 HD KICKSTART OBD IIB: Invalid created_by - User not found","stack":null}
{"timestamp":"2025-08-17 16:56:45","level":"\u001b[31MERROR\u001b[39M","message":"Error processing model XL 100 I TOUCH OBD IIB: Invalid created_by - User not found","stack":null}
{"timestamp":"2025-08-17 16:56:45","level":"\u001b[31MERROR\u001b[39M","message":"Error processing model XL 100 I TOUCH WINNER EDT OBD IIB: Invalid created_by - User not found","stack":null}
{"timestamp":"2025-08-17 16:56:45","level":"\u001b[31MERROR\u001b[39M","message":"Error processing model SCOOTY ZEST PEARL OBD IIB: Invalid created_by - User not found","stack":null}
{"timestamp":"2025-08-17 16:56:45","level":"\u001b[31MERROR\u001b[39M","message":"Error processing model SCOOTY ZEST MATTE SERIES OBD IIB: Invalid created_by - User not found","stack":null}
{"timestamp":"2025-08-17 16:56:45","level":"\u001b[31MERROR\u001b[39M","message":"Error processing model JUPITER 110 SMW OBD IIB: Invalid created_by - User not found","stack":null}
{"timestamp":"2025-08-17 16:56:45","level":"\u001b[31MERROR\u001b[39M","message":"Error processing model JUPITER DRUM SMW OBD IIB: Invalid created_by - User not found","stack":null}
{"timestamp":"2025-08-17 16:56:45","level":"\u001b[31MERROR\u001b[39M","message":"Error processing model JUPITER DRUM ALLOY OBD IIB: Invalid created_by - User not found","stack":null}
{"timestamp":"2025-08-17 16:56:45","level":"\u001b[31MERROR\u001b[39M","message":"Error processing model JUPITER DISC SXC OBD IIB: Invalid created_by - User not found","stack":null}
{"timestamp":"2025-08-17 16:56:45","level":"\u001b[31MERROR\u001b[39M","message":"Error processing model JUPITER DRUM SXC OBD IIB: Invalid created_by - User not found","stack":null}
{"timestamp":"2025-08-17 16:56:45","level":"\u001b[31MERROR\u001b[39M","message":"Error processing model JUPITER 125 DISC  DT SXC OBD IIB: Invalid created_by - User not found","stack":null}
{"timestamp":"2025-08-17 16:56:45","level":"\u001b[31MERROR\u001b[39M","message":"Error processing model JUPITER 125 CC DISC SX OBD IIB: Invalid created_by - User not found","stack":null}
{"timestamp":"2025-08-17 16:56:45","level":"\u001b[31MERROR\u001b[39M","message":"Error processing model JUPITER 125 DISC OBD IIB: Invalid created_by - User not found","stack":null}
{"timestamp":"2025-08-17 16:56:45","level":"\u001b[31MERROR\u001b[39M","message":"Error processing model JUPITER 125 DRUM OBD IIB: Invalid created_by - User not found","stack":null}
{"timestamp":"2025-08-17 16:56:45","level":"\u001b[31MERROR\u001b[39M","message":"Error processing model NTORQ 125 DISC OBD IIB: Invalid created_by - User not found","stack":null}
{"timestamp":"2025-08-17 16:56:45","level":"\u001b[31MERROR\u001b[39M","message":"Error processing model NTORQ XT OBD IIB: Invalid created_by - User not found","stack":null}
{"timestamp":"2025-08-17 16:56:45","level":"\u001b[31MERROR\u001b[39M","message":"Error processing model NTORQ 125 ES DISC RACE EDITION OBD IIB: Invalid created_by - User not found","stack":null}
{"timestamp":"2025-08-17 16:56:45","level":"\u001b[31MERROR\u001b[39M","message":"Error processing model NTORQ 125 DISC SUPER SQUAD EDT OBD IIB: Invalid created_by - User not found","stack":null}
{"timestamp":"2025-08-17 16:56:46","level":"\u001b[31MERROR\u001b[39M","message":"Error processing model NTORQ 125 RACE XP OBD IIB: Invalid created_by - User not found","stack":null}
{"timestamp":"2025-08-17 16:56:46","level":"\u001b[31MERROR\u001b[39M","message":"Error processing model SPORT ES+ OBD IIB: Invalid created_by - User not found","stack":null}
{"timestamp":"2025-08-17 16:56:46","level":"\u001b[31MERROR\u001b[39M","message":"Error processing model SPORT ES OBD IIB: Invalid created_by - User not found","stack":null}
{"timestamp":"2025-08-17 16:56:46","level":"\u001b[31MERROR\u001b[39M","message":"Error processing model RADEON BSVI Drum – Black Edn OBD IIB: Invalid created_by - User not found","stack":null}
{"timestamp":"2025-08-17 16:56:46","level":"\u001b[31MERROR\u001b[39M","message":"Error processing model RADEON 110 DRUM ES OBD IIB: Invalid created_by - User not found","stack":null}
{"timestamp":"2025-08-17 16:56:46","level":"\u001b[31MERROR\u001b[39M","message":"Error processing model RADEON 110 DRUM ES DIGI OBD IIB: Invalid created_by - User not found","stack":null}
{"timestamp":"2025-08-17 16:56:46","level":"\u001b[31MERROR\u001b[39M","message":"Error processing model RADEON 110 DISC ES DIGI OBD IIB: Invalid created_by - User not found","stack":null}
{"timestamp":"2025-08-17 16:56:46","level":"\u001b[31MERROR\u001b[39M","message":"Error processing model STAR CITY + MONO TONE OBD IIB: Invalid created_by - User not found","stack":null}
{"timestamp":"2025-08-17 16:56:46","level":"\u001b[31MERROR\u001b[39M","message":"Error processing model STAR CITY + DUAL TONE ES OBD IIB: Invalid created_by - User not found","stack":null}
{"timestamp":"2025-08-17 16:56:46","level":"\u001b[31MERROR\u001b[39M","message":"Error processing model STAR CITY+ DT ES DISC OBD IIB: Invalid created_by - User not found","stack":null}
{"timestamp":"2025-08-17 16:56:46","level":"\u001b[31MERROR\u001b[39M","message":"Error processing model RAIDER DRUM OBD IIB: Invalid created_by - User not found","stack":null}
{"timestamp":"2025-08-17 16:56:46","level":"\u001b[31MERROR\u001b[39M","message":"Error processing model RAIDER DISC SS OBD IIB: Invalid created_by - User not found","stack":null}
{"timestamp":"2025-08-17 16:56:46","level":"\u001b[31MERROR\u001b[39M","message":"Error processing model RAIDER DISC OBD IIB: Invalid created_by - User not found","stack":null}
{"timestamp":"2025-08-17 16:56:46","level":"\u001b[31MERROR\u001b[39M","message":"Error processing model RAIDER DISC BLUETOOTH OBD IIB: Invalid created_by - User not found","stack":null}
{"timestamp":"2025-08-17 16:56:46","level":"\u001b[31MERROR\u001b[39M","message":"Error processing model RAIDER SUPER SQUAD EDT OBD IIB: Invalid created_by - User not found","stack":null}
{"timestamp":"2025-08-17 16:56:46","level":"\u001b[31MERROR\u001b[39M","message":"Error processing model RAIDER DISC - LCD Igo OBD IIB: Invalid created_by - User not found","stack":null}
{"timestamp":"2025-08-17 16:56:46","level":"\u001b[31MERROR\u001b[39M","message":"Error processing model APACHE RTR 160 RD 2V OBD IIB: Invalid created_by - User not found","stack":null}
{"timestamp":"2025-08-17 16:56:46","level":"\u001b[31MERROR\u001b[39M","message":"Error processing model APACHE RTR 160 2V RM DISC OBD IIB: Invalid created_by - User not found","stack":null}
{"timestamp":"2025-08-17 16:56:46","level":"\u001b[31MERROR\u001b[39M","message":"Error processing model APACHE RTR 160 2V RM BT DISC OBD IIB: Invalid created_by - User not found","stack":null}
{"timestamp":"2025-08-17 16:56:46","level":"\u001b[31MERROR\u001b[39M","message":"Error processing model APACHE RTR 160 2V RM DRUM B E OBD IIB: Invalid created_by - User not found","stack":null}
{"timestamp":"2025-08-17 16:56:46","level":"\u001b[31MERROR\u001b[39M","message":"Error processing model APACHE RTR 160 2V RM BT RACE EDT OBD IIB: Invalid created_by - User not found","stack":null}
{"timestamp":"2025-08-17 16:56:46","level":"\u001b[31MERROR\u001b[39M","message":"Error processing model APACHE RTR 160 4V RM DRUM B E OBD IIB: Invalid created_by - User not found","stack":null}
{"timestamp":"2025-08-17 16:56:46","level":"\u001b[31MERROR\u001b[39M","message":"Error processing model APACHE 160 4V LE RMBT 2CH OBD IIB: Invalid created_by - User not found","stack":null}
{"timestamp":"2025-08-17 16:56:46","level":"\u001b[31MERROR\u001b[39M","message":"Error processing model APACHE RTR 160 4V - RM DISC OBD IIB: Invalid created_by - User not found","stack":null}
{"timestamp":"2025-08-17 16:56:46","level":"\u001b[31MERROR\u001b[39M","message":"Error processing model APACHE RTR 160 4V DISC RM BT OBD IIB: Invalid created_by - User not found","stack":null}
{"timestamp":"2025-08-17 16:56:46","level":"\u001b[31MERROR\u001b[39M","message":"Error processing model APACHE RTR 160 4V - RM SPL ED OBD IIB: Invalid created_by - User not found","stack":null}
{"timestamp":"2025-08-17 16:56:46","level":"\u001b[31MERROR\u001b[39M","message":"Error processing model APACHE RTR 160 4V USD – 2CH OBDIIB: Invalid created_by - User not found","stack":null}
{"timestamp":"2025-08-17 16:56:46","level":"\u001b[31MERROR\u001b[39M","message":"Error processing model APACHE 200 4V 2CH-R Mode OBD IIB: Invalid created_by - User not found","stack":null}
{"timestamp":"2025-08-17 16:56:46","level":"\u001b[31MERROR\u001b[39M","message":"Error processing model RONIN 2CH MID LTD EDT OBD IIB: Invalid created_by - User not found","stack":null}
{"timestamp":"2025-08-17 16:56:46","level":"\u001b[31MERROR\u001b[39M","message":"Error processing model RONIN-SS U368 1CH BASE OBD IIB: Invalid created_by - User not found","stack":null}
{"timestamp":"2025-08-17 16:56:46","level":"\u001b[31MERROR\u001b[39M","message":"Error processing model RONIN - SS OBDIIA LIGHTNING BLACK OBD IIB: Invalid created_by - User not found","stack":null}
{"timestamp":"2025-08-17 16:56:46","level":"\u001b[31MERROR\u001b[39M","message":"Error processing model RONIN - SS OBDIIA FL RED OBD IIB: Invalid created_by - User not found","stack":null}
{"timestamp":"2025-08-17 16:56:46","level":"\u001b[31MERROR\u001b[39M","message":"Error processing model RONIN-DS -U368 1CH BASE+ OBD IIB: Invalid created_by - User not found","stack":null}
{"timestamp":"2025-08-17 16:56:46","level":"\u001b[31MERROR\u001b[39M","message":"Error processing model RONIN-2CH MID SPL OBD IIB: Invalid created_by - User not found","stack":null}
{"timestamp":"2025-08-17 16:56:46","level":"\u001b[31MERROR\u001b[39M","message":"Error processing model RONIN MID 2CH – GLACIER SILVER OBD IIB: Invalid created_by - User not found","stack":null}
{"timestamp":"2025-08-17 16:56:46","level":"\u001b[31MERROR\u001b[39M","message":"Error processing model RONIN MID 2CH – CHARCOAL EMBER OBD IIB: Invalid created_by - User not found","stack":null}
{"timestamp":"2025-08-17 16:56:46","level":"\u001b[31MERROR\u001b[39M","message":"Error processing model APACHE RTR RR 310 OBD IIB: Invalid created_by - User not found","stack":null}
{"timestamp":"2025-08-17 16:56:46","level":"\u001b[31MERROR\u001b[39M","message":"Error processing model APACHE RR310-OBDIIB-M24–BASE W/O QS-RAR: Invalid created_by - User not found","stack":null}
{"timestamp":"2025-08-17 16:56:46","level":"\u001b[31MERROR\u001b[39M","message":"Error processing model APACHE RR310-OBDIIB-M24–BASE-SMG: Invalid created_by - User not found","stack":null}
{"timestamp":"2025-08-17 16:56:46","level":"\u001b[31MERROR\u001b[39M","message":"Error processing model APACHE RR310-OBDIIB-M24–BASE-RAR: Invalid created_by - User not found","stack":null}
{"timestamp":"2025-08-17 16:56:46","level":"\u001b[31MERROR\u001b[39M","message":"Error processing model APACHE RR310-OBDIIB-M24–DYN PRO-RCR TR: Invalid created_by - User not found","stack":null}
{"timestamp":"2025-08-17 16:56:46","level":"\u001b[31MERROR\u001b[39M","message":"Error processing model APACHE RTR 310 – BASE YEL OBD IIB: Invalid created_by - User not found","stack":null}
{"timestamp":"2025-08-17 16:56:46","level":"\u001b[31MERROR\u001b[39M","message":"Error processing model APACHE RTR 310 – BASE BLK OBD IID: Invalid created_by - User not found","stack":null}
{"timestamp":"2025-08-17 17:05:17","level":"\u001b[32MINFO\u001b[39M","message":"MongoDB Connected: localhost","stack":null}
{"timestamp":"2025-08-17 17:05:35","level":"\u001b[31MERROR\u001b[39M","message":"CSV import failed","stack":"ReferenceError: mongoose is not defined\n    at exports.importCSV (E:\\Exilance-Project\\Gandhi-TVS(Without-permission)\\Dealership-Model1\\controllers\\csvController.js:261:26)\n    at process.processTicksAndRejections (node:internal/process/task_queues:95:5)"}
{"timestamp":"2025-08-17 17:07:50","level":"\u001b[32MINFO\u001b[39M","message":"MongoDB Connected: localhost","stack":null}
{"timestamp":"2025-08-17 17:07:58","level":"\u001b[31MERROR\u001b[39M","message":"Error processing model XL 100 HD KICKSTART OBD IIB: Model validation failed: prices.14.header_id: Header reference is required, colors.0: Invalid color_id - Color not found, colors.1: Invalid color_id - Color not found, colors.2: Invalid color_id - Color not found, prices.0.header_id: Invalid header_id - Header not found","stack":null}
{"timestamp":"2025-08-17 17:07:58","level":"\u001b[31MERROR\u001b[39M","message":"Error processing model XL 100 I TOUCH OBD IIB: Model validation failed: prices.14.header_id: Header reference is required, prices.0.header_id: Invalid header_id - Header not found","stack":null}
{"timestamp":"2025-08-17 17:07:58","level":"\u001b[31MERROR\u001b[39M","message":"Error processing model XL 100 I TOUCH WINNER EDT OBD IIB: Model validation failed: prices.14.header_id: Header reference is required, prices.0.header_id: Invalid header_id - Header not found","stack":null}
{"timestamp":"2025-08-17 17:07:58","level":"\u001b[31MERROR\u001b[39M","message":"Error processing model SCOOTY ZEST PEARL OBD IIB: Model validation failed: prices.14.header_id: Header reference is required, prices.0.header_id: Invalid header_id - Header not found","stack":null}
{"timestamp":"2025-08-17 17:07:58","level":"\u001b[31MERROR\u001b[39M","message":"Error processing model SCOOTY ZEST MATTE SERIES OBD IIB: Model validation failed: prices.14.header_id: Header reference is required, prices.0.header_id: Invalid header_id - Header not found","stack":null}
{"timestamp":"2025-08-17 17:07:58","level":"\u001b[31MERROR\u001b[39M","message":"Error processing model JUPITER 110 SMW OBD IIB: Model validation failed: prices.14.header_id: Header reference is required, prices.0.header_id: Invalid header_id - Header not found","stack":null}
{"timestamp":"2025-08-17 17:07:58","level":"\u001b[31MERROR\u001b[39M","message":"Error processing model JUPITER DRUM SMW OBD IIB: Model validation failed: prices.14.header_id: Header reference is required, prices.0.header_id: Invalid header_id - Header not found","stack":null}
{"timestamp":"2025-08-17 17:07:58","level":"\u001b[31MERROR\u001b[39M","message":"Error processing model JUPITER DRUM ALLOY OBD IIB: Model validation failed: prices.14.header_id: Header reference is required, prices.0.header_id: Invalid header_id - Header not found","stack":null}
{"timestamp":"2025-08-17 17:07:58","level":"\u001b[31MERROR\u001b[39M","message":"Error processing model JUPITER DISC SXC OBD IIB: Model validation failed: prices.14.header_id: Header reference is required, prices.0.header_id: Invalid header_id - Header not found","stack":null}
{"timestamp":"2025-08-17 17:07:59","level":"\u001b[31MERROR\u001b[39M","message":"Error processing model JUPITER DRUM SXC OBD IIB: Model validation failed: prices.14.header_id: Header reference is required, prices.0.header_id: Invalid header_id - Header not found","stack":null}
{"timestamp":"2025-08-17 17:07:59","level":"\u001b[31MERROR\u001b[39M","message":"Error processing model JUPITER 125 DISC  DT SXC OBD IIB: Model validation failed: prices.14.header_id: Header reference is required, prices.0.header_id: Invalid header_id - Header not found","stack":null}
{"timestamp":"2025-08-17 17:07:59","level":"\u001b[31MERROR\u001b[39M","message":"Error processing model JUPITER 125 CC DISC SX OBD IIB: Model validation failed: prices.14.header_id: Header reference is required, prices.0.header_id: Invalid header_id - Header not found","stack":null}
{"timestamp":"2025-08-17 17:07:59","level":"\u001b[31MERROR\u001b[39M","message":"Error processing model JUPITER 125 DISC OBD IIB: Model validation failed: prices.14.header_id: Header reference is required, prices.0.header_id: Invalid header_id - Header not found","stack":null}
{"timestamp":"2025-08-17 17:07:59","level":"\u001b[31MERROR\u001b[39M","message":"Error processing model JUPITER 125 DRUM OBD IIB: Model validation failed: prices.14.header_id: Header reference is required, prices.0.header_id: Invalid header_id - Header not found","stack":null}
{"timestamp":"2025-08-17 17:07:59","level":"\u001b[31MERROR\u001b[39M","message":"Error processing model NTORQ 125 DISC OBD IIB: Model validation failed: prices.14.header_id: Header reference is required, prices.0.header_id: Invalid header_id - Header not found","stack":null}
{"timestamp":"2025-08-17 17:07:59","level":"\u001b[31MERROR\u001b[39M","message":"Error processing model NTORQ XT OBD IIB: Model validation failed: prices.14.header_id: Header reference is required, prices.0.header_id: Invalid header_id - Header not found","stack":null}
{"timestamp":"2025-08-17 17:07:59","level":"\u001b[31MERROR\u001b[39M","message":"Error processing model NTORQ 125 ES DISC RACE EDITION OBD IIB: Model validation failed: prices.14.header_id: Header reference is required, prices.0.header_id: Invalid header_id - Header not found","stack":null}
{"timestamp":"2025-08-17 17:07:59","level":"\u001b[31MERROR\u001b[39M","message":"Error processing model NTORQ 125 DISC SUPER SQUAD EDT OBD IIB: Model validation failed: prices.14.header_id: Header reference is required, prices.0.header_id: Invalid header_id - Header not found","stack":null}
{"timestamp":"2025-08-17 17:07:59","level":"\u001b[31MERROR\u001b[39M","message":"Error processing model NTORQ 125 RACE XP OBD IIB: Model validation failed: prices.14.header_id: Header reference is required, prices.0.header_id: Invalid header_id - Header not found","stack":null}
{"timestamp":"2025-08-17 17:07:59","level":"\u001b[31MERROR\u001b[39M","message":"Error processing model SPORT ES+ OBD IIB: Model validation failed: prices.14.header_id: Header reference is required, prices.0.header_id: Invalid header_id - Header not found","stack":null}
{"timestamp":"2025-08-17 17:07:59","level":"\u001b[31MERROR\u001b[39M","message":"Error processing model SPORT ES OBD IIB: Model validation failed: prices.14.header_id: Header reference is required, prices.0.header_id: Invalid header_id - Header not found","stack":null}
{"timestamp":"2025-08-17 17:07:59","level":"\u001b[31MERROR\u001b[39M","message":"Error processing model RADEON BSVI Drum – Black Edn OBD IIB: Model validation failed: prices.14.header_id: Header reference is required, prices.0.header_id: Invalid header_id - Header not found","stack":null}
{"timestamp":"2025-08-17 17:07:59","level":"\u001b[31MERROR\u001b[39M","message":"Error processing model RADEON 110 DRUM ES OBD IIB: Model validation failed: prices.14.header_id: Header reference is required, prices.0.header_id: Invalid header_id - Header not found","stack":null}
{"timestamp":"2025-08-17 17:07:59","level":"\u001b[31MERROR\u001b[39M","message":"Error processing model RADEON 110 DRUM ES DIGI OBD IIB: Model validation failed: prices.14.header_id: Header reference is required, prices.0.header_id: Invalid header_id - Header not found","stack":null}
{"timestamp":"2025-08-17 17:08:00","level":"\u001b[31MERROR\u001b[39M","message":"Error processing model RADEON 110 DISC ES DIGI OBD IIB: Model validation failed: prices.14.header_id: Header reference is required, prices.0.header_id: Invalid header_id - Header not found","stack":null}
{"timestamp":"2025-08-17 17:08:00","level":"\u001b[31MERROR\u001b[39M","message":"Error processing model STAR CITY + MONO TONE OBD IIB: Model validation failed: prices.14.header_id: Header reference is required, prices.0.header_id: Invalid header_id - Header not found","stack":null}
{"timestamp":"2025-08-17 17:08:00","level":"\u001b[31MERROR\u001b[39M","message":"Error processing model STAR CITY + DUAL TONE ES OBD IIB: Model validation failed: prices.14.header_id: Header reference is required, prices.0.header_id: Invalid header_id - Header not found","stack":null}
{"timestamp":"2025-08-17 17:08:00","level":"\u001b[31MERROR\u001b[39M","message":"Error processing model STAR CITY+ DT ES DISC OBD IIB: Model validation failed: prices.14.header_id: Header reference is required, prices.0.header_id: Invalid header_id - Header not found","stack":null}
{"timestamp":"2025-08-17 17:08:00","level":"\u001b[31MERROR\u001b[39M","message":"Error processing model RAIDER DRUM OBD IIB: Model validation failed: prices.14.header_id: Header reference is required, prices.0.header_id: Invalid header_id - Header not found","stack":null}
{"timestamp":"2025-08-17 17:08:00","level":"\u001b[31MERROR\u001b[39M","message":"Error processing model RAIDER DISC SS OBD IIB: Model validation failed: prices.14.header_id: Header reference is required, prices.0.header_id: Invalid header_id - Header not found","stack":null}
{"timestamp":"2025-08-17 17:08:00","level":"\u001b[31MERROR\u001b[39M","message":"Error processing model RAIDER DISC OBD IIB: Model validation failed: prices.14.header_id: Header reference is required, prices.0.header_id: Invalid header_id - Header not found","stack":null}
{"timestamp":"2025-08-17 17:08:00","level":"\u001b[31MERROR\u001b[39M","message":"Error processing model RAIDER DISC BLUETOOTH OBD IIB: Model validation failed: prices.14.header_id: Header reference is required, prices.0.header_id: Invalid header_id - Header not found","stack":null}
{"timestamp":"2025-08-17 17:08:00","level":"\u001b[31MERROR\u001b[39M","message":"Error processing model RAIDER SUPER SQUAD EDT OBD IIB: Model validation failed: prices.14.header_id: Header reference is required, prices.0.header_id: Invalid header_id - Header not found","stack":null}
{"timestamp":"2025-08-17 17:08:00","level":"\u001b[31MERROR\u001b[39M","message":"Error processing model RAIDER DISC - LCD Igo OBD IIB: Model validation failed: prices.14.header_id: Header reference is required, prices.0.header_id: Invalid header_id - Header not found","stack":null}
{"timestamp":"2025-08-17 17:08:00","level":"\u001b[31MERROR\u001b[39M","message":"Error processing model APACHE RTR 160 RD 2V OBD IIB: Model validation failed: prices.14.header_id: Header reference is required, prices.0.header_id: Invalid header_id - Header not found","stack":null}
{"timestamp":"2025-08-17 17:08:00","level":"\u001b[31MERROR\u001b[39M","message":"Error processing model APACHE RTR 160 2V RM DISC OBD IIB: Model validation failed: prices.14.header_id: Header reference is required, prices.0.header_id: Invalid header_id - Header not found","stack":null}
{"timestamp":"2025-08-17 17:08:01","level":"\u001b[31MERROR\u001b[39M","message":"Error processing model APACHE RTR 160 2V RM BT DISC OBD IIB: Model validation failed: prices.14.header_id: Header reference is required, prices.0.header_id: Invalid header_id - Header not found","stack":null}
{"timestamp":"2025-08-17 17:08:01","level":"\u001b[31MERROR\u001b[39M","message":"Error processing model APACHE RTR 160 2V RM DRUM B E OBD IIB: Model validation failed: prices.14.header_id: Header reference is required, prices.0.header_id: Invalid header_id - Header not found","stack":null}
{"timestamp":"2025-08-17 17:08:01","level":"\u001b[31MERROR\u001b[39M","message":"Error processing model APACHE RTR 160 2V RM BT RACE EDT OBD IIB: Model validation failed: prices.14.header_id: Header reference is required, prices.0.header_id: Invalid header_id - Header not found","stack":null}
{"timestamp":"2025-08-17 17:08:01","level":"\u001b[31MERROR\u001b[39M","message":"Error processing model APACHE RTR 160 4V RM DRUM B E OBD IIB: Model validation failed: prices.14.header_id: Header reference is required, prices.0.header_id: Invalid header_id - Header not found","stack":null}
{"timestamp":"2025-08-17 17:08:01","level":"\u001b[31MERROR\u001b[39M","message":"Error processing model APACHE 160 4V LE RMBT 2CH OBD IIB: Model validation failed: prices.14.header_id: Header reference is required, prices.0.header_id: Invalid header_id - Header not found","stack":null}
{"timestamp":"2025-08-17 17:08:01","level":"\u001b[31MERROR\u001b[39M","message":"Error processing model APACHE RTR 160 4V - RM DISC OBD IIB: Model validation failed: prices.14.header_id: Header reference is required, prices.0.header_id: Invalid header_id - Header not found","stack":null}
{"timestamp":"2025-08-17 17:08:01","level":"\u001b[31MERROR\u001b[39M","message":"Error processing model APACHE RTR 160 4V DISC RM BT OBD IIB: Model validation failed: prices.14.header_id: Header reference is required, prices.0.header_id: Invalid header_id - Header not found","stack":null}
{"timestamp":"2025-08-17 17:08:01","level":"\u001b[31MERROR\u001b[39M","message":"Error processing model APACHE RTR 160 4V - RM SPL ED OBD IIB: Model validation failed: prices.14.header_id: Header reference is required, prices.0.header_id: Invalid header_id - Header not found","stack":null}
{"timestamp":"2025-08-17 17:08:01","level":"\u001b[31MERROR\u001b[39M","message":"Error processing model APACHE RTR 160 4V USD – 2CH OBDIIB: Model validation failed: prices.14.header_id: Header reference is required, prices.0.header_id: Invalid header_id - Header not found","stack":null}
{"timestamp":"2025-08-17 17:08:01","level":"\u001b[31MERROR\u001b[39M","message":"Error processing model APACHE 200 4V 2CH-R Mode OBD IIB: Model validation failed: prices.14.header_id: Header reference is required, prices.0.header_id: Invalid header_id - Header not found","stack":null}
{"timestamp":"2025-08-17 17:08:01","level":"\u001b[31MERROR\u001b[39M","message":"Error processing model RONIN 2CH MID LTD EDT OBD IIB: Model validation failed: prices.14.header_id: Header reference is required, prices.0.header_id: Invalid header_id - Header not found","stack":null}
{"timestamp":"2025-08-17 17:08:01","level":"\u001b[31MERROR\u001b[39M","message":"Error processing model RONIN-SS U368 1CH BASE OBD IIB: Model validation failed: prices.14.header_id: Header reference is required, prices.0.header_id: Invalid header_id - Header not found","stack":null}
{"timestamp":"2025-08-17 17:08:01","level":"\u001b[31MERROR\u001b[39M","message":"Error processing model RONIN - SS OBDIIA LIGHTNING BLACK OBD IIB: Model validation failed: prices.14.header_id: Header reference is required, prices.0.header_id: Invalid header_id - Header not found","stack":null}
{"timestamp":"2025-08-17 17:08:01","level":"\u001b[31MERROR\u001b[39M","message":"Error processing model RONIN - SS OBDIIA FL RED OBD IIB: Model validation failed: prices.14.header_id: Header reference is required, prices.0.header_id: Invalid header_id - Header not found","stack":null}
{"timestamp":"2025-08-17 17:08:01","level":"\u001b[31MERROR\u001b[39M","message":"Error processing model RONIN-DS -U368 1CH BASE+ OBD IIB: Model validation failed: prices.14.header_id: Header reference is required, prices.0.header_id: Invalid header_id - Header not found","stack":null}
{"timestamp":"2025-08-17 17:08:01","level":"\u001b[31MERROR\u001b[39M","message":"Error processing model RONIN-2CH MID SPL OBD IIB: Model validation failed: prices.14.header_id: Header reference is required, prices.0.header_id: Invalid header_id - Header not found","stack":null}
{"timestamp":"2025-08-17 17:08:02","level":"\u001b[31MERROR\u001b[39M","message":"Error processing model RONIN MID 2CH – GLACIER SILVER OBD IIB: Model validation failed: prices.14.header_id: Header reference is required, prices.0.header_id: Invalid header_id - Header not found","stack":null}
{"timestamp":"2025-08-17 17:08:02","level":"\u001b[31MERROR\u001b[39M","message":"Error processing model RONIN MID 2CH – CHARCOAL EMBER OBD IIB: Model validation failed: prices.14.header_id: Header reference is required, prices.0.header_id: Invalid header_id - Header not found","stack":null}
{"timestamp":"2025-08-17 17:08:02","level":"\u001b[31MERROR\u001b[39M","message":"Error processing model APACHE RTR RR 310 OBD IIB: Model validation failed: prices.14.header_id: Header reference is required, prices.0.header_id: Invalid header_id - Header not found","stack":null}
{"timestamp":"2025-08-17 17:08:02","level":"\u001b[31MERROR\u001b[39M","message":"Error processing model APACHE RR310-OBDIIB-M24–BASE W/O QS-RAR: Model validation failed: prices.14.header_id: Header reference is required, prices.0.header_id: Invalid header_id - Header not found","stack":null}
{"timestamp":"2025-08-17 17:08:02","level":"\u001b[31MERROR\u001b[39M","message":"Error processing model APACHE RR310-OBDIIB-M24–BASE-SMG: Model validation failed: prices.14.header_id: Header reference is required, prices.0.header_id: Invalid header_id - Header not found","stack":null}
{"timestamp":"2025-08-17 17:08:02","level":"\u001b[31MERROR\u001b[39M","message":"Error processing model APACHE RR310-OBDIIB-M24–BASE-RAR: Model validation failed: prices.14.header_id: Header reference is required, prices.0.header_id: Invalid header_id - Header not found","stack":null}
{"timestamp":"2025-08-17 17:08:02","level":"\u001b[31MERROR\u001b[39M","message":"Error processing model APACHE RR310-OBDIIB-M24–DYN PRO-RCR TR: Model validation failed: prices.14.header_id: Header reference is required, prices.0.header_id: Invalid header_id - Header not found","stack":null}
{"timestamp":"2025-08-17 17:08:02","level":"\u001b[31MERROR\u001b[39M","message":"Error processing model APACHE RTR 310 – BASE YEL OBD IIB: Model validation failed: prices.14.header_id: Header reference is required, prices.0.header_id: Invalid header_id - Header not found","stack":null}
{"timestamp":"2025-08-17 17:08:02","level":"\u001b[31MERROR\u001b[39M","message":"Error processing model APACHE RTR 310 – BASE BLK OBD IID: Model validation failed: prices.14.header_id: Header reference is required, prices.0.header_id: Invalid header_id - Header not found","stack":null}
{"timestamp":"2025-08-17 17:18:40","level":"\u001b[32MINFO\u001b[39M","message":"MongoDB Connected: localhost","stack":null}
{"timestamp":"2025-08-17 18:22:23","level":"\u001b[32MINFO\u001b[39M","message":"MongoDB Connected: localhost","stack":null}
{"timestamp":"2025-08-17 18:43:34","level":"\u001b[32MINFO\u001b[39M","message":"MongoDB Connected: localhost","stack":null}
{"timestamp":"2025-08-17 18:55:25","level":"\u001b[32MINFO\u001b[39M","message":"MongoDB Connected: localhost","stack":null}
{"timestamp":"2025-08-17 19:20:39","level":"\u001b[32MINFO\u001b[39M","message":"MongoDB Connected: localhost","stack":null}
{"timestamp":"2025-08-17 19:46:34","level":"\u001b[32MINFO\u001b[39M","message":"MongoDB Connected: localhost","stack":null}
{"timestamp":"2025-08-17 19:47:02","level":"\u001b[32MINFO\u001b[39M","message":"MongoDB Connected: localhost","stack":null}
