{"timestamp":"2025-08-27 08:37:31","level":"\u001b[32MINFO\u001b[39M","message":"Attached opening debit hook to Booking schema (B2B/B2C)","stack":null}
{"timestamp":"2025-08-27 08:37:32","level":"\u001b[32MINFO\u001b[39M","message":"MongoDB Connected: localhost","stack":null}
{"timestamp":"2025-08-27 08:55:51","level":"\u001b[32MINFO\u001b[39M","message":"Attached opening debit hook to Booking schema (B2B/B2C)","stack":null}
{"timestamp":"2025-08-27 08:55:51","level":"\u001b[32MINFO\u001b[39M","message":"MongoDB Connected: localhost","stack":null}
{"timestamp":"2025-08-27 09:34:13","level":"\u001b[32MINFO\u001b[39M","message":"Attached opening debit hook to Booking schema (B2B/B2C)","stack":null}
{"timestamp":"2025-08-27 09:34:14","level":"\u001b[32MINFO\u001b[39M","message":"MongoDB Connected: localhost","stack":null}
{"timestamp":"2025-08-27 09:41:58","level":"\u001b[32MINFO\u001b[39M","message":"Attached opening debit hook to Booking schema (B2B/B2C)","stack":null}
{"timestamp":"2025-08-27 09:41:58","level":"\u001b[32MINFO\u001b[39M","message":"MongoDB Connected: localhost","stack":null}
{"timestamp":"2025-08-27 10:40:53","level":"\u001b[32MINFO\u001b[39M","message":"Attached opening debit hook to Booking schema (B2B/B2C)","stack":null}
{"timestamp":"2025-08-27 10:40:53","level":"\u001b[32MINFO\u001b[39M","message":"MongoDB Connected: localhost","stack":null}
{"timestamp":"2025-08-27 10:53:18","level":"\u001b[32MINFO\u001b[39M","message":"Attached opening debit hook to Booking schema (B2B/B2C)","stack":null}
{"timestamp":"2025-08-27 10:53:18","level":"\u001b[32MINFO\u001b[39M","message":"MongoDB Connected: localhost","stack":null}
{"timestamp":"2025-08-27 10:56:48","level":"\u001b[32MINFO\u001b[39M","message":"Attached opening debit hook to Booking schema (B2B/B2C)","stack":null}
{"timestamp":"2025-08-27 10:56:48","level":"\u001b[32MINFO\u001b[39M","message":"MongoDB Connected: localhost","stack":null}
{"timestamp":"2025-08-27 11:09:47","level":"\u001b[32MINFO\u001b[39M","message":"Attached opening debit hook to Booking schema (B2B/B2C)","stack":null}
{"timestamp":"2025-08-27 11:09:48","level":"\u001b[32MINFO\u001b[39M","message":"MongoDB Connected: localhost","stack":null}
{"timestamp":"2025-08-27 11:11:19","level":"\u001b[32MINFO\u001b[39M","message":"Attached opening debit hook to Booking schema (B2B/B2C)","stack":null}
{"timestamp":"2025-08-27 11:11:19","level":"\u001b[32MINFO\u001b[39M","message":"MongoDB Connected: localhost","stack":null}
{"timestamp":"2025-08-27 11:16:38","level":"\u001b[32MINFO\u001b[39M","message":"Attached opening debit hook to Booking schema (B2B/B2C)","stack":null}
{"timestamp":"2025-08-27 11:16:38","level":"\u001b[32MINFO\u001b[39M","message":"MongoDB Connected: localhost","stack":null}
{"timestamp":"2025-08-27 11:28:40","level":"\u001b[32MINFO\u001b[39M","message":"Attached opening debit hook to Booking schema (B2B/B2C)","stack":null}
{"timestamp":"2025-08-27 11:28:40","level":"\u001b[32MINFO\u001b[39M","message":"MongoDB Connected: localhost","stack":null}
{"timestamp":"2025-08-27 11:34:56","level":"\u001b[32MINFO\u001b[39M","message":"Attached opening debit hook to Booking schema (B2B/B2C)","stack":null}
{"timestamp":"2025-08-27 11:34:56","level":"\u001b[32MINFO\u001b[39M","message":"MongoDB Connected: localhost","stack":null}
{"timestamp":"2025-08-27 11:36:35","level":"\u001b[32MINFO\u001b[39M","message":"Attached opening debit hook to Booking schema (B2B/B2C)","stack":null}
{"timestamp":"2025-08-27 11:36:35","level":"\u001b[32MINFO\u001b[39M","message":"MongoDB Connected: localhost","stack":null}
{"timestamp":"2025-08-27 11:38:40","level":"\u001b[32MINFO\u001b[39M","message":"Attached opening debit hook to Booking schema (B2B/B2C)","stack":null}
{"timestamp":"2025-08-27 11:38:40","level":"\u001b[32MINFO\u001b[39M","message":"MongoDB Connected: localhost","stack":null}
{"timestamp":"2025-08-27 13:58:16","level":"\u001b[32MINFO\u001b[39M","message":"Attached opening debit hook to Booking schema (B2B/B2C)","stack":null}
{"timestamp":"2025-08-27 13:58:17","level":"\u001b[32MINFO\u001b[39M","message":"MongoDB Connected: localhost","stack":null}
{"timestamp":"2025-08-27 15:00:20","level":"\u001b[32MINFO\u001b[39M","message":"Attached opening debit hook to Booking schema (B2B/B2C)","stack":null}
{"timestamp":"2025-08-27 15:00:22","level":"\u001b[32MINFO\u001b[39M","message":"MongoDB Connected: localhost","stack":null}
{"timestamp":"2025-08-27 15:10:03","level":"\u001b[32MINFO\u001b[39M","message":"Attached opening debit hook to Booking schema (B2B/B2C)","stack":null}
{"timestamp":"2025-08-27 15:10:03","level":"\u001b[32MINFO\u001b[39M","message":"MongoDB Connected: localhost","stack":null}
{"timestamp":"2025-08-27 15:17:53","level":"\u001b[32MINFO\u001b[39M","message":"Attached opening debit hook to Booking schema (B2B/B2C)","stack":null}
{"timestamp":"2025-08-27 15:17:53","level":"\u001b[32MINFO\u001b[39M","message":"MongoDB Connected: localhost","stack":null}
{"timestamp":"2025-08-27 15:32:43","level":"\u001b[32MINFO\u001b[39M","message":"Attached opening debit hook to Booking schema (B2B/B2C)","stack":null}
{"timestamp":"2025-08-27 15:32:44","level":"\u001b[32MINFO\u001b[39M","message":"MongoDB Connected: localhost","stack":null}
{"timestamp":"2025-08-27 15:36:00","level":"\u001b[32MINFO\u001b[39M","message":"Attached opening debit hook to Booking schema (B2B/B2C)","stack":null}
{"timestamp":"2025-08-27 15:36:00","level":"\u001b[32MINFO\u001b[39M","message":"MongoDB Connected: localhost","stack":null}
{"timestamp":"2025-08-27 15:42:36","level":"\u001b[32MINFO\u001b[39M","message":"Attached opening debit hook to Booking schema (B2B/B2C)","stack":null}
{"timestamp":"2025-08-27 15:42:36","level":"\u001b[32MINFO\u001b[39M","message":"MongoDB Connected: localhost","stack":null}
{"timestamp":"2025-08-27 15:43:43","level":"\u001b[32MINFO\u001b[39M","message":"Attached opening debit hook to Booking schema (B2B/B2C)","stack":null}
{"timestamp":"2025-08-27 15:43:43","level":"\u001b[32MINFO\u001b[39M","message":"MongoDB Connected: localhost","stack":null}
{"timestamp":"2025-08-27 15:54:52","level":"\u001b[32MINFO\u001b[39M","message":"Attached opening debit hook to Booking schema (B2B/B2C)","stack":null}
{"timestamp":"2025-08-27 15:54:52","level":"\u001b[32MINFO\u001b[39M","message":"MongoDB Connected: localhost","stack":null}
{"timestamp":"2025-08-27 16:01:13","level":"\u001b[32MINFO\u001b[39M","message":"Attached opening debit hook to Booking schema (B2B/B2C)","stack":null}
{"timestamp":"2025-08-27 16:01:13","level":"\u001b[32MINFO\u001b[39M","message":"MongoDB Connected: localhost","stack":null}
{"timestamp":"2025-08-27 16:31:16","level":"\u001b[32MINFO\u001b[39M","message":"Attached opening debit hook to Booking schema (B2B/B2C)","stack":null}
{"timestamp":"2025-08-27 16:31:16","level":"\u001b[32MINFO\u001b[39M","message":"MongoDB Connected: localhost","stack":null}
{"timestamp":"2025-08-27 16:37:18","level":"\u001b[32MINFO\u001b[39M","message":"Attached opening debit hook to Booking schema (B2B/B2C)","stack":null}
{"timestamp":"2025-08-27 16:37:18","level":"\u001b[32MINFO\u001b[39M","message":"MongoDB Connected: localhost","stack":null}
{"timestamp":"2025-08-27 16:46:56","level":"\u001b[32MINFO\u001b[39M","message":"Attached opening debit hook to Booking schema (B2B/B2C)","stack":null}
{"timestamp":"2025-08-27 16:46:56","level":"\u001b[32MINFO\u001b[39M","message":"MongoDB Connected: localhost","stack":null}
{"timestamp":"2025-08-27 17:32:35","level":"\u001b[32MINFO\u001b[39M","message":"Attached opening debit hook to Booking schema (B2B/B2C)","stack":null}
{"timestamp":"2025-08-27 17:32:37","level":"\u001b[32MINFO\u001b[39M","message":"MongoDB Connected: localhost","stack":null}
{"timestamp":"2025-08-27 17:38:37","level":"\u001b[32MINFO\u001b[39M","message":"Attached opening debit hook to Booking schema (B2B/B2C)","stack":null}
{"timestamp":"2025-08-27 17:38:37","level":"\u001b[32MINFO\u001b[39M","message":"MongoDB Connected: localhost","stack":null}
{"timestamp":"2025-08-27 18:04:47","level":"\u001b[32MINFO\u001b[39M","message":"Attached opening debit hook to Booking schema (B2B/B2C)","stack":null}
{"timestamp":"2025-08-27 18:04:47","level":"\u001b[32MINFO\u001b[39M","message":"MongoDB Connected: localhost","stack":null}
{"timestamp":"2025-08-27 18:07:13","level":"\u001b[32MINFO\u001b[39M","message":"Attached opening debit hook to Booking schema (B2B/B2C)","stack":null}
{"timestamp":"2025-08-27 18:07:13","level":"\u001b[32MINFO\u001b[39M","message":"MongoDB Connected: localhost","stack":null}
{"timestamp":"2025-08-27 18:09:10","level":"\u001b[32MINFO\u001b[39M","message":"Attached opening debit hook to Booking schema (B2B/B2C)","stack":null}
{"timestamp":"2025-08-27 18:09:10","level":"\u001b[32MINFO\u001b[39M","message":"MongoDB Connected: localhost","stack":null}
{"timestamp":"2025-08-27 18:10:07","level":"\u001b[32MINFO\u001b[39M","message":"Attached opening debit hook to Booking schema (B2B/B2C)","stack":null}
{"timestamp":"2025-08-27 18:10:07","level":"\u001b[32MINFO\u001b[39M","message":"MongoDB Connected: localhost","stack":null}
{"timestamp":"2025-08-27 18:21:22","level":"\u001b[32MINFO\u001b[39M","message":"Attached opening debit hook to Booking schema (B2B/B2C)","stack":null}
{"timestamp":"2025-08-27 18:21:22","level":"\u001b[32MINFO\u001b[39M","message":"MongoDB Connected: localhost","stack":null}
{"timestamp":"2025-08-27 18:26:27","level":"\u001b[32MINFO\u001b[39M","message":"Attached opening debit hook to Booking schema (B2B/B2C)","stack":null}
{"timestamp":"2025-08-27 18:26:27","level":"\u001b[32MINFO\u001b[39M","message":"MongoDB Connected: localhost","stack":null}
{"timestamp":"2025-08-27 18:51:55","level":"\u001b[32MINFO\u001b[39M","message":"Attached opening debit hook to Booking schema (B2B/B2C)","stack":null}
{"timestamp":"2025-08-27 18:51:55","level":"\u001b[32MINFO\u001b[39M","message":"MongoDB Connected: localhost","stack":null}
{"timestamp":"2025-08-27 19:14:05","level":"\u001b[32MINFO\u001b[39M","message":"Attached opening debit hook to Booking schema (B2B/B2C)","stack":null}
{"timestamp":"2025-08-27 19:14:06","level":"\u001b[32MINFO\u001b[39M","message":"MongoDB Connected: localhost","stack":null}
{"timestamp":"2025-08-27 19:43:50","level":"\u001b[32MINFO\u001b[39M","message":"Attached opening debit hook to Booking schema (B2B/B2C)","stack":null}
{"timestamp":"2025-08-27 19:43:52","level":"\u001b[32MINFO\u001b[39M","message":"MongoDB Connected: localhost","stack":null}
{"timestamp":"2025-08-27 19:45:39","level":"\u001b[32MINFO\u001b[39M","message":"Vehicle CHS9X1A23456801 (Model: XL 100 I TOUCH WINNER EDT OBD IIB) status changed from not_approved to in_stock (5.21% paid)","stack":null}
{"timestamp":"2025-08-27 19:45:39","level":"\u001b[31MERROR\u001b[39M","message":"Error adding receipt: Schema hasn't been registered for model \"BankSubPaymentMode\".\nUse mongoose.model(name, schema)","stack":null}
{"timestamp":"2025-08-27 19:46:04","level":"\u001b[31MERROR\u001b[39M","message":"Error adding receipt: Schema hasn't been registered for model \"BankSubPaymentMode\".\nUse mongoose.model(name, schema)","stack":null}
{"timestamp":"2025-08-27 19:55:37","level":"\u001b[32MINFO\u001b[39M","message":"Attached opening debit hook to Booking schema (B2B/B2C)","stack":null}
{"timestamp":"2025-08-27 19:55:38","level":"\u001b[32MINFO\u001b[39M","message":"MongoDB Connected: localhost","stack":null}
{"timestamp":"2025-08-27 20:24:32","level":"\u001b[33MWARN\u001b[39M","message":"No matching vehicle found for booking 68af01a2d9fba3618c30ad58. Model: 685d1c1d7c59ad32056ab6e7, Color: 68934206cc7882bd852f5256","stack":null}
{"timestamp":"2025-08-27 20:42:28","level":"\u001b[33MWARN\u001b[39M","message":"No matching vehicle found for booking 68af01a2d9fba3618c30ad58. Model: 685d1c1d7c59ad32056ab6e7, Color: 68934206cc7882bd852f5256","stack":null}
{"timestamp":"2025-08-27 21:05:17","level":"\u001b[32MINFO\u001b[39M","message":"Attached opening debit hook to Booking schema (B2B/B2C)","stack":null}
{"timestamp":"2025-08-27 21:05:17","level":"\u001b[32MINFO\u001b[39M","message":"MongoDB Connected: localhost","stack":null}
{"timestamp":"2025-08-27 21:20:54","level":"\u001b[32MINFO\u001b[39M","message":"Attached opening debit hook to Booking schema (B2B/B2C)","stack":null}
{"timestamp":"2025-08-27 21:20:55","level":"\u001b[32MINFO\u001b[39M","message":"MongoDB Connected: localhost","stack":null}
{"timestamp":"2025-08-27 21:39:05","level":"\u001b[32MINFO\u001b[39M","message":"Attached opening debit hook to Booking schema (B2B/B2C)","stack":null}
{"timestamp":"2025-08-27 21:39:06","level":"\u001b[32MINFO\u001b[39M","message":"MongoDB Connected: localhost","stack":null}
