{"timestamp":"2025-06-05 17:06:58","level":"\u001b[31MERROR\u001b[39M","message":"Database connection error: Server selection timed out after 5000 ms","stack":null}
{"timestamp":"2025-06-11 10:01:11","level":"\u001b[31MERROR\u001b[39M","message":"JWT verification error: jwt expired","stack":null}
{"timestamp":"2025-06-11 16:16:28","level":"\u001b[31MERROR\u001b[39M","message":"JWT verification error: jwt expired","stack":null}
{"timestamp":"2025-06-12 15:24:54","level":"\u001b[31MERROR\u001b[39M","message":"JWT verification error: jwt expired","stack":null}
{"timestamp":"2025-06-13 17:27:50","level":"\u001b[31MERROR\u001b[39M","message":"Error getting models: Cannot read properties of undefined (reading 'name')","stack":null}
{"timestamp":"2025-06-14 09:51:22","level":"\u001b[31MERROR\u001b[39M","message":"JWT verification error: jwt expired","stack":null}
{"timestamp":"2025-06-14 10:13:32","level":"\u001b[31MERROR\u001b[39M","message":"Error creating header: Header with type 'EV', category 'pricing', and header_key 'ex_showroom_price' already exists","stack":null}
{"timestamp":"2025-06-14 10:42:56","level":"\u001b[31MERROR\u001b[39M","message":"Error updating header: Validation failed: type: `IC` is not a valid enum value for path `type`.","stack":null}
{"timestamp":"2025-06-14 10:48:28","level":"\u001b[31MERROR\u001b[39M","message":"Error getting models: Cannot read properties of undefined (reading 'name')","stack":null}
{"timestamp":"2025-06-14 10:49:21","level":"\u001b[31MERROR\u001b[39M","message":"Error getting models: Cannot read properties of undefined (reading 'name')","stack":null}
{"timestamp":"2025-06-14 10:53:29","level":"\u001b[31MERROR\u001b[39M","message":"Error getting models: Cannot read properties of undefined (reading 'name')","stack":null}
{"timestamp":"2025-06-14 10:54:57","level":"\u001b[31MERROR\u001b[39M","message":"Error getting models: Cannot read properties of undefined (reading 'name')","stack":null}
{"timestamp":"2025-06-14 11:05:32","level":"\u001b[31MERROR\u001b[39M","message":"Error getting models: Cannot read properties of undefined (reading 'name')","stack":null}
{"timestamp":"2025-06-14 11:16:26","level":"\u001b[31MERROR\u001b[39M","message":"Error getting models: Cannot read properties of undefined (reading 'name')","stack":null}
{"timestamp":"2025-06-14 11:21:38","level":"\u001b[31MERROR\u001b[39M","message":"Error getting models: Cannot read properties of undefined (reading 'name')","stack":null}
{"timestamp":"2025-06-14 11:23:41","level":"\u001b[31MERROR\u001b[39M","message":"Error getting models: Cannot read properties of undefined (reading 'name')","stack":null}
{"timestamp":"2025-06-14 14:05:11","level":"\u001b[31MERROR\u001b[39M","message":"JWT verification error: jwt expired","stack":null}
{"timestamp":"2025-06-16 15:03:57","level":"\u001b[31MERROR\u001b[39M","message":"Database connection error: Server selection timed out after 5000 ms","stack":null}
{"timestamp":"2025-06-16 15:05:28","level":"\u001b[31MERROR\u001b[39M","message":"JWT verification error: jwt expired","stack":null}
{"timestamp":"2025-06-16 15:08:28","level":"\u001b[31MERROR\u001b[39M","message":"Failed to create employee: E11000 duplicate key error collection: vehicle-Dealership.employees index: contact_info.email_1 dup key: { contact_info.email: \"john.doe@example.com\" }","stack":null}
{"timestamp":"2025-06-16 15:19:50","level":"\u001b[31MERROR\u001b[39M","message":"Error creating finance document: E11000 duplicate key error collection: vehicle-Dealership.financedocuments index: name_1 collation: { locale: \"en\", caseLevel: false, caseFirst: \"off\", strength: 2, numericOrdering: false, alternate: \"non-ignorable\", maxVariable: \"punct\", normalization: false, backwards: false, version: \"57.1\" } dup key: { name: \"CollationKey(0x3f4529430429354b31314131434f0112)\" }","stack":null}
{"timestamp":"2025-06-16 15:31:16","level":"\u001b[31MERROR\u001b[39M","message":"Error getting models: Cannot read properties of undefined (reading 'name')","stack":null}
{"timestamp":"2025-06-16 15:32:51","level":"\u001b[31MERROR\u001b[39M","message":"Error getting models: Cannot read properties of undefined (reading 'name')","stack":null}
{"timestamp":"2025-06-16 15:32:51","level":"\u001b[31MERROR\u001b[39M","message":"Error getting models: Cannot read properties of undefined (reading 'name')","stack":null}
